C:\Users\paino_000\Dropbox\Entwicklung\OpenGL_Apps\\bin\Debug\DeferredRenderer.pdb
C:\USERS\PAINO_000\DROPBOX\ENTWICKLUNG\OPENGL_APPS\OBJ\DEBUG\AABOUNDINGBOX.OBJ
C:\USERS\PAINO_000\DROPBOX\ENTWICKLUNG\OPENGL_APPS\OBJ\DEBUG\BOUNDINGSPHERE.OBJ
C:\USERS\PAINO_000\DROPBOX\ENTWICKLUNG\OPENGL_APPS\OBJ\DEBUG\CAMERA.OBJ
C:\Users\paino_000\Dropbox\Entwicklung\OpenGL_Apps\obj\Debug\cl.command.1.tlog
C:\Users\paino_000\Dropbox\Entwicklung\OpenGL_Apps\obj\Debug\CL.read.1.tlog
C:\Users\paino_000\Dropbox\Entwicklung\OpenGL_Apps\obj\Debug\CL.write.1.tlog
C:\USERS\PAINO_000\DROPBOX\ENTWICKLUNG\OPENGL_APPS\OBJ\DEBUG\DIRECTIONALLIGHT.OBJ
C:\USERS\PAINO_000\DROPBOX\ENTWICKLUNG\OPENGL_APPS\OBJ\DEBUG\GLBUFFERUPLOADER.OBJ
C:\USERS\PAINO_000\DROPBOX\ENTWICKLUNG\OPENGL_APPS\OBJ\DEBUG\GLRENDERER.OBJ
C:\USERS\PAINO_000\DROPBOX\ENTWICKLUNG\OPENGL_APPS\OBJ\DEBUG\GLRESOURCEMANAGER.OBJ
C:\USERS\PAINO_000\DROPBOX\ENTWICKLUNG\OPENGL_APPS\OBJ\DEBUG\GLRESOURCEPATHMANAGER.OBJ
C:\USERS\PAINO_000\DROPBOX\ENTWICKLUNG\OPENGL_APPS\OBJ\DEBUG\GLTEXTURE.OBJ
C:\Users\paino_000\Dropbox\Entwicklung\OpenGL_Apps\obj\Debug\libGL.write.1.tlog
C:\USERS\PAINO_000\DROPBOX\ENTWICKLUNG\OPENGL_APPS\OBJ\DEBUG\LIGHT.OBJ
C:\USERS\PAINO_000\DROPBOX\ENTWICKLUNG\OPENGL_APPS\OBJ\DEBUG\MATERIAL.OBJ
C:\USERS\PAINO_000\DROPBOX\ENTWICKLUNG\OPENGL_APPS\OBJ\DEBUG\NAMEREGISTRY.OBJ
C:\USERS\PAINO_000\DROPBOX\ENTWICKLUNG\OPENGL_APPS\OBJ\DEBUG\POINTLIGHT.OBJ
C:\USERS\PAINO_000\DROPBOX\ENTWICKLUNG\OPENGL_APPS\OBJ\DEBUG\SHADER.OBJ
C:\USERS\PAINO_000\DROPBOX\ENTWICKLUNG\OPENGL_APPS\OBJ\DEBUG\SPOTLIGHT.OBJ
C:\USERS\PAINO_000\DROPBOX\ENTWICKLUNG\OPENGL_APPS\OBJ\DEBUG\TEXTUREMANAGER.OBJ
C:\USERS\PAINO_000\DROPBOX\ENTWICKLUNG\OPENGL_APPS\OBJ\DEBUG\TEXTURETGA.OBJ
C:\USERS\PAINO_000\DROPBOX\ENTWICKLUNG\OPENGL_APPS\OBJ\DEBUG\UNIFORM.OBJ
C:\USERS\PAINO_000\DROPBOX\ENTWICKLUNG\OPENGL_APPS\OBJ\DEBUG\UNIFORMREGISTRY.OBJ
C:\USERS\PAINO_000\DROPBOX\ENTWICKLUNG\OPENGL_APPS\OBJ\DEBUG\UNIFORMUTIL.OBJ
C:\Users\paino_000\Dropbox\Entwicklung\OpenGL_Apps\obj\Debug\vc100.idb
C:\USERS\PAINO_000\DROPBOX\ENTWICKLUNG\OPENGL_APPS\OBJ\DEBUG\VC100.PDB
