Der Buildvorgang wurde am 8/27/2012 10:52:53 PM gestartet.
     1>Projekt "C:\Users\Dominik\Dropbox\Entwicklung\OpenGL_Apps\DeferredRenderer\DeferredRenderer.vcxproj" auf Knoten "2", build Ziel(e).
     1>InitializeBuildStatus:
         Aktualisieren des Timestamps von "C:\Users\Dominik\Dropbox\Entwicklung\OpenGL_Apps\\obj\Debug\DeferredRenderer.unsuccessfulbuild".
       ClCompile:
         c:\Program Files (x86)\Microsoft Visual Studio 10.0\VC\bin\CL.exe /c /IC:\Users\Dominik\Entwicklung\Libraries\glew\include /I"C:\Users\Dominik\Entwicklung\Libraries\freeglut-2.8.0\include\GL" /I"C:\Users\Dominik\Entwicklung\Libraries\glm-0.9.3.4\\" /IC:\Users\Dominik\Dropbox\Entwicklung\OpenGL_Apps\\libGL\src\ /IC:\Users\Dominik\Entwicklung\Libraries\assimp\include\ /ZI /nologo /W3 /WX- /Od /Oy- /D _MBCS /Gm /EHsc /RTC1 /MDd /GS /fp:precise /Zc:wchar_t /Zc:forScope /Fo"C:\Users\Dominik\Dropbox\Entwicklung\OpenGL_Apps\\obj\Debug\\" /Fd"C:\Users\Dominik\Dropbox\Entwicklung\OpenGL_Apps\\obj\Debug\vc100.pdb" /Gd /TP /analyze- /errorReport:prompt src\Rendering\GLDeferredRenderer.cpp
         GLDeferredRenderer.cpp
     1>c:\users\dominik\entwicklung\libraries\glm-0.9.3.4\glm\gtx\string_cast.inl(30): warning C4996: 'vsprintf': This function or variable may be unsafe. Consider using vsprintf_s instead. To disable deprecation, use _CRT_SECURE_NO_WARNINGS. See online help for details.
                 c:\program files (x86)\microsoft visual studio 10.0\vc\include\stdio.h(371): Siehe Deklaration von 'vsprintf'
     1>c:\users\dominik\dropbox\entwicklung\opengl_apps\deferredrenderer\src\rendering\gldeferredrenderer.cpp(794): warning C4244: 'Initialisierung': Konvertierung von 'float' in 'uint', möglicher Datenverlust
     1>c:\users\dominik\dropbox\entwicklung\opengl_apps\libgl\src\includes.h(44): warning C4101: 'b': Unreferenzierte lokale Variable
                 c:\users\dominik\dropbox\entwicklung\opengl_apps\deferredrenderer\src\rendering\gldeferredrenderer.cpp(607): Siehe Verweis auf die Instanziierung der gerade kompilierten Funktions-template "void staticAssert_impl<true>(void)".
       Link:
         c:\Program Files (x86)\Microsoft Visual Studio 10.0\VC\bin\link.exe /ERRORREPORT:PROMPT /OUT:"C:\Users\Dominik\Dropbox\Entwicklung\OpenGL_Apps\\bin\Debug\DeferredRenderer.exe" /NOLOGO /LIBPATH:C:\Users\Dominik\Entwicklung\Libraries\glew\lib /LIBPATH:"C:\Users\Dominik\Entwicklung\Libraries\freeglut-2.8.0\lib\x86\Debug\\" /LIBPATH:C:\Users\Dominik\Dropbox\Entwicklung\OpenGL_Apps\\obj\Debug\\ /LIBPATH:C:\Users\Dominik\Entwicklung\Libraries\assimp\lib\Debug\ opengl32.lib glew32.lib freeglut.lib libGL.lib assimp.lib kernel32.lib user32.lib gdi32.lib winspool.lib comdlg32.lib advapi32.lib shell32.lib ole32.lib oleaut32.lib uuid.lib odbc32.lib odbccp32.lib /MANIFEST /ManifestFile:"C:\Users\Dominik\Dropbox\Entwicklung\OpenGL_Apps\\obj\Debug\DeferredRenderer.exe.intermediate.manifest" /MANIFESTUAC:"level='asInvoker' uiAccess='false'" /DEBUG /PDB:"C:\Users\Dominik\Dropbox\Entwicklung\OpenGL_Apps\bin\Debug\DeferredRenderer.pdb" /TLBID:1 /DYNAMICBASE /NXCOMPAT /IMPLIB:"C:\Users\Dominik\Dropbox\Entwicklung\OpenGL_Apps\\bin\Debug\DeferredRenderer.lib" /MACHINE:X86 C:\Users\Dominik\Dropbox\Entwicklung\OpenGL_Apps\\obj\Debug\Engine.obj
         C:\Users\Dominik\Dropbox\Entwicklung\OpenGL_Apps\\obj\Debug\FullscreenQuad.obj
         C:\Users\Dominik\Dropbox\Entwicklung\OpenGL_Apps\\obj\Debug\main.obj
         C:\Users\Dominik\Dropbox\Entwicklung\OpenGL_Apps\\obj\Debug\TransformSQT.obj
         C:\Users\Dominik\Dropbox\Entwicklung\OpenGL_Apps\\obj\Debug\GLDeferredRenderer.obj
         C:\Users\Dominik\Dropbox\Entwicklung\OpenGL_Apps\\obj\Debug\MAT_Colored.obj
         C:\Users\Dominik\Dropbox\Entwicklung\OpenGL_Apps\\obj\Debug\MAT_FSquad_Bloom.obj
         C:\Users\Dominik\Dropbox\Entwicklung\OpenGL_Apps\\obj\Debug\MAT_FSquad_BrightPass.obj
         C:\Users\Dominik\Dropbox\Entwicklung\OpenGL_Apps\\obj\Debug\MAT_FSquad_DirLighting.obj
         C:\Users\Dominik\Dropbox\Entwicklung\OpenGL_Apps\\obj\Debug\MAT_FSquad_FinalComposite.obj
         C:\Users\Dominik\Dropbox\Entwicklung\OpenGL_Apps\\obj\Debug\MAT_FSquad_FXAA.obj
         C:\Users\Dominik\Dropbox\Entwicklung\OpenGL_Apps\\obj\Debug\MAT_FSquad_GaussianBlur.obj
         C:\Users\Dominik\Dropbox\Entwicklung\OpenGL_Apps\\obj\Debug\MAT_FSquad_LumaTimeAdaption.obj
         C:\Users\Dominik\Dropbox\Entwicklung\OpenGL_Apps\\obj\Debug\MAT_FSquad_PointLighting.obj
         C:\Users\Dominik\Dropbox\Entwicklung\OpenGL_Apps\\obj\Debug\MAT_FSquad_Textured.obj
         C:\Users\Dominik\Dropbox\Entwicklung\OpenGL_Apps\\obj\Debug\MAT_FSquad_ToneMapping.obj
         C:\Users\Dominik\Dropbox\Entwicklung\OpenGL_Apps\\obj\Debug\MAT_Pointlight_Illumination.obj
         C:\Users\Dominik\Dropbox\Entwicklung\OpenGL_Apps\\obj\Debug\MAT_Test.obj
         C:\Users\Dominik\Dropbox\Entwicklung\OpenGL_Apps\\obj\Debug\MAT_Textured.obj
         C:\Users\Dominik\Dropbox\Entwicklung\OpenGL_Apps\\obj\Debug\MAT_TexturedNormal.obj
         C:\Users\Dominik\Dropbox\Entwicklung\OpenGL_Apps\\obj\Debug\MAT_TexturedNormalSpecular.obj
         C:\Users\Dominik\Dropbox\Entwicklung\OpenGL_Apps\\obj\Debug\Pass_GaussianBlur.obj
         C:\Users\Dominik\Dropbox\Entwicklung\OpenGL_Apps\\obj\Debug\BaseRenderableObject.obj
         C:\Users\Dominik\Dropbox\Entwicklung\OpenGL_Apps\\obj\Debug\Entity.obj
         C:\Users\Dominik\Dropbox\Entwicklung\OpenGL_Apps\\obj\Debug\NodeRegistry.obj
         C:\Users\Dominik\Dropbox\Entwicklung\OpenGL_Apps\\obj\Debug\ObjectRegistry.obj
         C:\Users\Dominik\Dropbox\Entwicklung\OpenGL_Apps\\obj\Debug\SceneManager.obj
         C:\Users\Dominik\Dropbox\Entwicklung\OpenGL_Apps\\obj\Debug\SceneNode.obj
     1>Engine.obj : error LNK2001: Nicht aufgelöstes externes Symbol ""private: static class std::basic_string<char,struct std::char_traits<char>,class std::allocator<char> > PathService::m_szRelativeResourcePath" (?m_szRelativeResourcePath@PathService@@0V?$basic_string@DU?$char_traits@D@std@@V?$allocator@D@2@@std@@A)".
     1>FullscreenQuad.obj : error LNK2019: Verweis auf nicht aufgelöstes externes Symbol ""public: void __thiscall VertexDeclaration::AddVertexElement(class VertexElement const &)" (?AddVertexElement@VertexDeclaration@@QAEXABVVertexElement@@@Z)" in Funktion ""private: void __thiscall FullscreenQuad::init(void)" (?init@FullscreenQuad@@AAEXXZ)".
     1>FullscreenQuad.obj : error LNK2019: Verweis auf nicht aufgelöstes externes Symbol ""public: __thiscall BoundingSphere::~BoundingSphere(void)" (??1BoundingSphere@@QAE@XZ)" in Funktion "__unwindfunclet$??0BaseGeometryObject@@QAE@XZ$0".
     1>Entity.obj : error LNK2001: Nicht aufgelöstes externes Symbol ""public: __thiscall BoundingSphere::~BoundingSphere(void)" (??1BoundingSphere@@QAE@XZ)".
     1>FullscreenQuad.obj : error LNK2019: Verweis auf nicht aufgelöstes externes Symbol ""public: __thiscall BoundingSphere::BoundingSphere(void)" (??0BoundingSphere@@QAE@XZ)" in Funktion ""public: __thiscall BaseGeometryObject::BaseGeometryObject(void)" (??0BaseGeometryObject@@QAE@XZ)".
     1>MAT_Test.obj : error LNK2019: Verweis auf nicht aufgelöstes externes Symbol ""public: __thiscall Material::Material(void)" (??0Material@@QAE@XZ)" in Funktion ""public: __thiscall MAT_Test::MAT_Test(void)" (??0MAT_Test@@QAE@XZ)".
     1>MAT_Textured.obj : error LNK2001: Nicht aufgelöstes externes Symbol ""public: __thiscall Material::Material(void)" (??0Material@@QAE@XZ)".
     1>MAT_TexturedNormal.obj : error LNK2001: Nicht aufgelöstes externes Symbol ""public: __thiscall Material::Material(void)" (??0Material@@QAE@XZ)".
     1>MAT_TexturedNormalSpecular.obj : error LNK2001: Nicht aufgelöstes externes Symbol ""public: __thiscall Material::Material(void)" (??0Material@@QAE@XZ)".
     1>MAT_FSquad_PointLighting.obj : error LNK2001: Nicht aufgelöstes externes Symbol ""public: __thiscall Material::Material(void)" (??0Material@@QAE@XZ)".
     1>MAT_FSquad_Textured.obj : error LNK2001: Nicht aufgelöstes externes Symbol ""public: __thiscall Material::Material(void)" (??0Material@@QAE@XZ)".
     1>MAT_FSquad_ToneMapping.obj : error LNK2001: Nicht aufgelöstes externes Symbol ""public: __thiscall Material::Material(void)" (??0Material@@QAE@XZ)".
     1>MAT_Pointlight_Illumination.obj : error LNK2001: Nicht aufgelöstes externes Symbol ""public: __thiscall Material::Material(void)" (??0Material@@QAE@XZ)".
     1>MAT_FSquad_FinalComposite.obj : error LNK2001: Nicht aufgelöstes externes Symbol ""public: __thiscall Material::Material(void)" (??0Material@@QAE@XZ)".
     1>MAT_FSquad_FXAA.obj : error LNK2001: Nicht aufgelöstes externes Symbol ""public: __thiscall Material::Material(void)" (??0Material@@QAE@XZ)".
     1>MAT_FSquad_GaussianBlur.obj : error LNK2001: Nicht aufgelöstes externes Symbol ""public: __thiscall Material::Material(void)" (??0Material@@QAE@XZ)".
     1>MAT_FSquad_LumaTimeAdaption.obj : error LNK2001: Nicht aufgelöstes externes Symbol ""public: __thiscall Material::Material(void)" (??0Material@@QAE@XZ)".
     1>MAT_Colored.obj : error LNK2001: Nicht aufgelöstes externes Symbol ""public: __thiscall Material::Material(void)" (??0Material@@QAE@XZ)".
     1>MAT_FSquad_Bloom.obj : error LNK2001: Nicht aufgelöstes externes Symbol ""public: __thiscall Material::Material(void)" (??0Material@@QAE@XZ)".
     1>MAT_FSquad_BrightPass.obj : error LNK2001: Nicht aufgelöstes externes Symbol ""public: __thiscall Material::Material(void)" (??0Material@@QAE@XZ)".
     1>MAT_FSquad_DirLighting.obj : error LNK2001: Nicht aufgelöstes externes Symbol ""public: __thiscall Material::Material(void)" (??0Material@@QAE@XZ)".
     1>MAT_Test.obj : error LNK2001: Nicht aufgelöstes externes Symbol ""public: virtual void __thiscall Material::UpdateUniform(class IUniform *)const " (?UpdateUniform@Material@@UBEXPAVIUniform@@@Z)".
     1>MAT_Textured.obj : error LNK2001: Nicht aufgelöstes externes Symbol ""public: virtual void __thiscall Material::UpdateUniform(class IUniform *)const " (?UpdateUniform@Material@@UBEXPAVIUniform@@@Z)".
     1>MAT_TexturedNormal.obj : error LNK2001: Nicht aufgelöstes externes Symbol ""public: virtual void __thiscall Material::UpdateUniform(class IUniform *)const " (?UpdateUniform@Material@@UBEXPAVIUniform@@@Z)".
     1>MAT_TexturedNormalSpecular.obj : error LNK2001: Nicht aufgelöstes externes Symbol ""public: virtual void __thiscall Material::UpdateUniform(class IUniform *)const " (?UpdateUniform@Material@@UBEXPAVIUniform@@@Z)".
     1>MAT_FSquad_PointLighting.obj : error LNK2001: Nicht aufgelöstes externes Symbol ""public: virtual void __thiscall Material::UpdateUniform(class IUniform *)const " (?UpdateUniform@Material@@UBEXPAVIUniform@@@Z)".
     1>MAT_FSquad_Textured.obj : error LNK2001: Nicht aufgelöstes externes Symbol ""public: virtual void __thiscall Material::UpdateUniform(class IUniform *)const " (?UpdateUniform@Material@@UBEXPAVIUniform@@@Z)".
     1>MAT_FSquad_ToneMapping.obj : error LNK2001: Nicht aufgelöstes externes Symbol ""public: virtual void __thiscall Material::UpdateUniform(class IUniform *)const " (?UpdateUniform@Material@@UBEXPAVIUniform@@@Z)".
     1>MAT_Pointlight_Illumination.obj : error LNK2001: Nicht aufgelöstes externes Symbol ""public: virtual void __thiscall Material::UpdateUniform(class IUniform *)const " (?UpdateUniform@Material@@UBEXPAVIUniform@@@Z)".
     1>MAT_FSquad_FinalComposite.obj : error LNK2001: Nicht aufgelöstes externes Symbol ""public: virtual void __thiscall Material::UpdateUniform(class IUniform *)const " (?UpdateUniform@Material@@UBEXPAVIUniform@@@Z)".
     1>MAT_FSquad_FXAA.obj : error LNK2001: Nicht aufgelöstes externes Symbol ""public: virtual void __thiscall Material::UpdateUniform(class IUniform *)const " (?UpdateUniform@Material@@UBEXPAVIUniform@@@Z)".
     1>MAT_FSquad_GaussianBlur.obj : error LNK2001: Nicht aufgelöstes externes Symbol ""public: virtual void __thiscall Material::UpdateUniform(class IUniform *)const " (?UpdateUniform@Material@@UBEXPAVIUniform@@@Z)".
     1>MAT_FSquad_LumaTimeAdaption.obj : error LNK2001: Nicht aufgelöstes externes Symbol ""public: virtual void __thiscall Material::UpdateUniform(class IUniform *)const " (?UpdateUniform@Material@@UBEXPAVIUniform@@@Z)".
     1>MAT_Colored.obj : error LNK2001: Nicht aufgelöstes externes Symbol ""public: virtual void __thiscall Material::UpdateUniform(class IUniform *)const " (?UpdateUniform@Material@@UBEXPAVIUniform@@@Z)".
     1>MAT_FSquad_Bloom.obj : error LNK2001: Nicht aufgelöstes externes Symbol ""public: virtual void __thiscall Material::UpdateUniform(class IUniform *)const " (?UpdateUniform@Material@@UBEXPAVIUniform@@@Z)".
     1>MAT_FSquad_BrightPass.obj : error LNK2001: Nicht aufgelöstes externes Symbol ""public: virtual void __thiscall Material::UpdateUniform(class IUniform *)const " (?UpdateUniform@Material@@UBEXPAVIUniform@@@Z)".
     1>MAT_FSquad_DirLighting.obj : error LNK2001: Nicht aufgelöstes externes Symbol ""public: virtual void __thiscall Material::UpdateUniform(class IUniform *)const " (?UpdateUniform@Material@@UBEXPAVIUniform@@@Z)".
     1>MAT_Test.obj : error LNK2019: Verweis auf nicht aufgelöstes externes Symbol ""public: __thiscall Material::Material(class Material &)" (??0Material@@QAE@AAV0@@Z)" in Funktion ""public: __thiscall MAT_Test::MAT_Test(class MAT_Test &)" (??0MAT_Test@@QAE@AAV0@@Z)".
     1>MAT_Textured.obj : error LNK2001: Nicht aufgelöstes externes Symbol ""public: __thiscall Material::Material(class Material &)" (??0Material@@QAE@AAV0@@Z)".
     1>MAT_TexturedNormal.obj : error LNK2001: Nicht aufgelöstes externes Symbol ""public: __thiscall Material::Material(class Material &)" (??0Material@@QAE@AAV0@@Z)".
     1>MAT_TexturedNormalSpecular.obj : error LNK2001: Nicht aufgelöstes externes Symbol ""public: __thiscall Material::Material(class Material &)" (??0Material@@QAE@AAV0@@Z)".
     1>MAT_FSquad_PointLighting.obj : error LNK2001: Nicht aufgelöstes externes Symbol ""public: __thiscall Material::Material(class Material &)" (??0Material@@QAE@AAV0@@Z)".
     1>MAT_FSquad_Textured.obj : error LNK2001: Nicht aufgelöstes externes Symbol ""public: __thiscall Material::Material(class Material &)" (??0Material@@QAE@AAV0@@Z)".
     1>MAT_FSquad_ToneMapping.obj : error LNK2001: Nicht aufgelöstes externes Symbol ""public: __thiscall Material::Material(class Material &)" (??0Material@@QAE@AAV0@@Z)".
     1>MAT_Pointlight_Illumination.obj : error LNK2001: Nicht aufgelöstes externes Symbol ""public: __thiscall Material::Material(class Material &)" (??0Material@@QAE@AAV0@@Z)".
     1>MAT_FSquad_FinalComposite.obj : error LNK2001: Nicht aufgelöstes externes Symbol ""public: __thiscall Material::Material(class Material &)" (??0Material@@QAE@AAV0@@Z)".
     1>MAT_FSquad_FXAA.obj : error LNK2001: Nicht aufgelöstes externes Symbol ""public: __thiscall Material::Material(class Material &)" (??0Material@@QAE@AAV0@@Z)".
     1>MAT_FSquad_GaussianBlur.obj : error LNK2001: Nicht aufgelöstes externes Symbol ""public: __thiscall Material::Material(class Material &)" (??0Material@@QAE@AAV0@@Z)".
     1>MAT_FSquad_LumaTimeAdaption.obj : error LNK2001: Nicht aufgelöstes externes Symbol ""public: __thiscall Material::Material(class Material &)" (??0Material@@QAE@AAV0@@Z)".
     1>MAT_Colored.obj : error LNK2001: Nicht aufgelöstes externes Symbol ""public: __thiscall Material::Material(class Material &)" (??0Material@@QAE@AAV0@@Z)".
     1>MAT_FSquad_Bloom.obj : error LNK2001: Nicht aufgelöstes externes Symbol ""public: __thiscall Material::Material(class Material &)" (??0Material@@QAE@AAV0@@Z)".
     1>MAT_FSquad_BrightPass.obj : error LNK2001: Nicht aufgelöstes externes Symbol ""public: __thiscall Material::Material(class Material &)" (??0Material@@QAE@AAV0@@Z)".
     1>MAT_FSquad_DirLighting.obj : error LNK2001: Nicht aufgelöstes externes Symbol ""public: __thiscall Material::Material(class Material &)" (??0Material@@QAE@AAV0@@Z)".
     1>MAT_Test.obj : error LNK2019: Verweis auf nicht aufgelöstes externes Symbol ""public: __thiscall Material::~Material(void)" (??1Material@@QAE@XZ)" in Funktion ""public: virtual __thiscall MAT_Test::~MAT_Test(void)" (??1MAT_Test@@UAE@XZ)".
     1>MAT_Textured.obj : error LNK2001: Nicht aufgelöstes externes Symbol ""public: __thiscall Material::~Material(void)" (??1Material@@QAE@XZ)".
     1>MAT_TexturedNormal.obj : error LNK2001: Nicht aufgelöstes externes Symbol ""public: __thiscall Material::~Material(void)" (??1Material@@QAE@XZ)".
     1>MAT_TexturedNormalSpecular.obj : error LNK2001: Nicht aufgelöstes externes Symbol ""public: __thiscall Material::~Material(void)" (??1Material@@QAE@XZ)".
     1>MAT_FSquad_PointLighting.obj : error LNK2001: Nicht aufgelöstes externes Symbol ""public: __thiscall Material::~Material(void)" (??1Material@@QAE@XZ)".
     1>MAT_FSquad_Textured.obj : error LNK2001: Nicht aufgelöstes externes Symbol ""public: __thiscall Material::~Material(void)" (??1Material@@QAE@XZ)".
     1>MAT_FSquad_ToneMapping.obj : error LNK2001: Nicht aufgelöstes externes Symbol ""public: __thiscall Material::~Material(void)" (??1Material@@QAE@XZ)".
     1>MAT_Pointlight_Illumination.obj : error LNK2001: Nicht aufgelöstes externes Symbol ""public: __thiscall Material::~Material(void)" (??1Material@@QAE@XZ)".
     1>MAT_FSquad_FinalComposite.obj : error LNK2001: Nicht aufgelöstes externes Symbol ""public: __thiscall Material::~Material(void)" (??1Material@@QAE@XZ)".
     1>MAT_FSquad_FXAA.obj : error LNK2001: Nicht aufgelöstes externes Symbol ""public: __thiscall Material::~Material(void)" (??1Material@@QAE@XZ)".
     1>MAT_FSquad_GaussianBlur.obj : error LNK2001: Nicht aufgelöstes externes Symbol ""public: __thiscall Material::~Material(void)" (??1Material@@QAE@XZ)".
     1>MAT_FSquad_LumaTimeAdaption.obj : error LNK2001: Nicht aufgelöstes externes Symbol ""public: __thiscall Material::~Material(void)" (??1Material@@QAE@XZ)".
     1>MAT_Colored.obj : error LNK2001: Nicht aufgelöstes externes Symbol ""public: __thiscall Material::~Material(void)" (??1Material@@QAE@XZ)".
     1>MAT_FSquad_Bloom.obj : error LNK2001: Nicht aufgelöstes externes Symbol ""public: __thiscall Material::~Material(void)" (??1Material@@QAE@XZ)".
     1>MAT_FSquad_BrightPass.obj : error LNK2001: Nicht aufgelöstes externes Symbol ""public: __thiscall Material::~Material(void)" (??1Material@@QAE@XZ)".
     1>MAT_FSquad_DirLighting.obj : error LNK2001: Nicht aufgelöstes externes Symbol ""public: __thiscall Material::~Material(void)" (??1Material@@QAE@XZ)".
     1>MAT_TexturedNormal.obj : error LNK2001: Nicht aufgelöstes externes Symbol ""protected: static void __cdecl Material::assignUniformSemantic(class Shader *,class std::basic_string<char,struct std::char_traits<char>,class std::allocator<char> > const &,enum ShaderSemantics::Semantic)" (?assignUniformSemantic@Material@@KAXPAVShader@@ABV?$basic_string@DU?$char_traits@D@std@@V?$allocator@D@2@@std@@W4Semantic@ShaderSemantics@@@Z)".
     1>MAT_TexturedNormalSpecular.obj : error LNK2001: Nicht aufgelöstes externes Symbol ""protected: static void __cdecl Material::assignUniformSemantic(class Shader *,class std::basic_string<char,struct std::char_traits<char>,class std::allocator<char> > const &,enum ShaderSemantics::Semantic)" (?assignUniformSemantic@Material@@KAXPAVShader@@ABV?$basic_string@DU?$char_traits@D@std@@V?$allocator@D@2@@std@@W4Semantic@ShaderSemantics@@@Z)".
     1>MAT_FSquad_ToneMapping.obj : error LNK2001: Nicht aufgelöstes externes Symbol ""protected: static void __cdecl Material::assignUniformSemantic(class Shader *,class std::basic_string<char,struct std::char_traits<char>,class std::allocator<char> > const &,enum ShaderSemantics::Semantic)" (?assignUniformSemantic@Material@@KAXPAVShader@@ABV?$basic_string@DU?$char_traits@D@std@@V?$allocator@D@2@@std@@W4Semantic@ShaderSemantics@@@Z)".
     1>MAT_Pointlight_Illumination.obj : error LNK2001: Nicht aufgelöstes externes Symbol ""protected: static void __cdecl Material::assignUniformSemantic(class Shader *,class std::basic_string<char,struct std::char_traits<char>,class std::allocator<char> > const &,enum ShaderSemantics::Semantic)" (?assignUniformSemantic@Material@@KAXPAVShader@@ABV?$basic_string@DU?$char_traits@D@std@@V?$allocator@D@2@@std@@W4Semantic@ShaderSemantics@@@Z)".
     1>MAT_Test.obj : error LNK2001: Nicht aufgelöstes externes Symbol ""protected: static void __cdecl Material::assignUniformSemantic(class Shader *,class std::basic_string<char,struct std::char_traits<char>,class std::allocator<char> > const &,enum ShaderSemantics::Semantic)" (?assignUniformSemantic@Material@@KAXPAVShader@@ABV?$basic_string@DU?$char_traits@D@std@@V?$allocator@D@2@@std@@W4Semantic@ShaderSemantics@@@Z)".
     1>MAT_Textured.obj : error LNK2001: Nicht aufgelöstes externes Symbol ""protected: static void __cdecl Material::assignUniformSemantic(class Shader *,class std::basic_string<char,struct std::char_traits<char>,class std::allocator<char> > const &,enum ShaderSemantics::Semantic)" (?assignUniformSemantic@Material@@KAXPAVShader@@ABV?$basic_string@DU?$char_traits@D@std@@V?$allocator@D@2@@std@@W4Semantic@ShaderSemantics@@@Z)".
     1>MAT_FSquad_FXAA.obj : error LNK2001: Nicht aufgelöstes externes Symbol ""protected: static void __cdecl Material::assignUniformSemantic(class Shader *,class std::basic_string<char,struct std::char_traits<char>,class std::allocator<char> > const &,enum ShaderSemantics::Semantic)" (?assignUniformSemantic@Material@@KAXPAVShader@@ABV?$basic_string@DU?$char_traits@D@std@@V?$allocator@D@2@@std@@W4Semantic@ShaderSemantics@@@Z)".
     1>MAT_FSquad_GaussianBlur.obj : error LNK2001: Nicht aufgelöstes externes Symbol ""protected: static void __cdecl Material::assignUniformSemantic(class Shader *,class std::basic_string<char,struct std::char_traits<char>,class std::allocator<char> > const &,enum ShaderSemantics::Semantic)" (?assignUniformSemantic@Material@@KAXPAVShader@@ABV?$basic_string@DU?$char_traits@D@std@@V?$allocator@D@2@@std@@W4Semantic@ShaderSemantics@@@Z)".
     1>MAT_FSquad_LumaTimeAdaption.obj : error LNK2001: Nicht aufgelöstes externes Symbol ""protected: static void __cdecl Material::assignUniformSemantic(class Shader *,class std::basic_string<char,struct std::char_traits<char>,class std::allocator<char> > const &,enum ShaderSemantics::Semantic)" (?assignUniformSemantic@Material@@KAXPAVShader@@ABV?$basic_string@DU?$char_traits@D@std@@V?$allocator@D@2@@std@@W4Semantic@ShaderSemantics@@@Z)".
     1>MAT_FSquad_PointLighting.obj : error LNK2001: Nicht aufgelöstes externes Symbol ""protected: static void __cdecl Material::assignUniformSemantic(class Shader *,class std::basic_string<char,struct std::char_traits<char>,class std::allocator<char> > const &,enum ShaderSemantics::Semantic)" (?assignUniformSemantic@Material@@KAXPAVShader@@ABV?$basic_string@DU?$char_traits@D@std@@V?$allocator@D@2@@std@@W4Semantic@ShaderSemantics@@@Z)".
     1>MAT_Colored.obj : error LNK2019: Verweis auf nicht aufgelöstes externes Symbol ""protected: static void __cdecl Material::assignUniformSemantic(class Shader *,class std::basic_string<char,struct std::char_traits<char>,class std::allocator<char> > const &,enum ShaderSemantics::Semantic)" (?assignUniformSemantic@Material@@KAXPAVShader@@ABV?$basic_string@DU?$char_traits@D@std@@V?$allocator@D@2@@std@@W4Semantic@ShaderSemantics@@@Z)" in Funktion ""public: virtual bool __thiscall MAT_Colored::Init(void)" (?Init@MAT_Colored@@UAE_NXZ)".
     1>MAT_FSquad_Bloom.obj : error LNK2001: Nicht aufgelöstes externes Symbol ""protected: static void __cdecl Material::assignUniformSemantic(class Shader *,class std::basic_string<char,struct std::char_traits<char>,class std::allocator<char> > const &,enum ShaderSemantics::Semantic)" (?assignUniformSemantic@Material@@KAXPAVShader@@ABV?$basic_string@DU?$char_traits@D@std@@V?$allocator@D@2@@std@@W4Semantic@ShaderSemantics@@@Z)".
     1>MAT_FSquad_DirLighting.obj : error LNK2001: Nicht aufgelöstes externes Symbol ""protected: static void __cdecl Material::assignUniformSemantic(class Shader *,class std::basic_string<char,struct std::char_traits<char>,class std::allocator<char> > const &,enum ShaderSemantics::Semantic)" (?assignUniformSemantic@Material@@KAXPAVShader@@ABV?$basic_string@DU?$char_traits@D@std@@V?$allocator@D@2@@std@@W4Semantic@ShaderSemantics@@@Z)".
     1>MAT_FSquad_FinalComposite.obj : error LNK2001: Nicht aufgelöstes externes Symbol ""protected: static void __cdecl Material::assignUniformSemantic(class Shader *,class std::basic_string<char,struct std::char_traits<char>,class std::allocator<char> > const &,enum ShaderSemantics::Semantic)" (?assignUniformSemantic@Material@@KAXPAVShader@@ABV?$basic_string@DU?$char_traits@D@std@@V?$allocator@D@2@@std@@W4Semantic@ShaderSemantics@@@Z)".
     1>MAT_Test.obj : error LNK2001: Nicht aufgelöstes externes Symbol ""protected: static void __cdecl Material::assignAttributeSemantic(class Shader *,class std::basic_string<char,struct std::char_traits<char>,class std::allocator<char> > const &,enum ShaderSemantics::Semantic)" (?assignAttributeSemantic@Material@@KAXPAVShader@@ABV?$basic_string@DU?$char_traits@D@std@@V?$allocator@D@2@@std@@W4Semantic@ShaderSemantics@@@Z)".
     1>MAT_Textured.obj : error LNK2019: Verweis auf nicht aufgelöstes externes Symbol ""protected: static void __cdecl Material::assignAttributeSemantic(class Shader *,class std::basic_string<char,struct std::char_traits<char>,class std::allocator<char> > const &,enum ShaderSemantics::Semantic)" (?assignAttributeSemantic@Material@@KAXPAVShader@@ABV?$basic_string@DU?$char_traits@D@std@@V?$allocator@D@2@@std@@W4Semantic@ShaderSemantics@@@Z)" in Funktion ""public: virtual bool __thiscall MAT_Textured::Init(void)" (?Init@MAT_Textured@@UAE_NXZ)".
     1>MAT_TexturedNormal.obj : error LNK2001: Nicht aufgelöstes externes Symbol ""protected: static void __cdecl Material::assignAttributeSemantic(class Shader *,class std::basic_string<char,struct std::char_traits<char>,class std::allocator<char> > const &,enum ShaderSemantics::Semantic)" (?assignAttributeSemantic@Material@@KAXPAVShader@@ABV?$basic_string@DU?$char_traits@D@std@@V?$allocator@D@2@@std@@W4Semantic@ShaderSemantics@@@Z)".
     1>MAT_TexturedNormalSpecular.obj : error LNK2001: Nicht aufgelöstes externes Symbol ""protected: static void __cdecl Material::assignAttributeSemantic(class Shader *,class std::basic_string<char,struct std::char_traits<char>,class std::allocator<char> > const &,enum ShaderSemantics::Semantic)" (?assignAttributeSemantic@Material@@KAXPAVShader@@ABV?$basic_string@DU?$char_traits@D@std@@V?$allocator@D@2@@std@@W4Semantic@ShaderSemantics@@@Z)".
     1>MAT_FSquad_PointLighting.obj : error LNK2001: Nicht aufgelöstes externes Symbol ""protected: static void __cdecl Material::assignAttributeSemantic(class Shader *,class std::basic_string<char,struct std::char_traits<char>,class std::allocator<char> > const &,enum ShaderSemantics::Semantic)" (?assignAttributeSemantic@Material@@KAXPAVShader@@ABV?$basic_string@DU?$char_traits@D@std@@V?$allocator@D@2@@std@@W4Semantic@ShaderSemantics@@@Z)".
     1>MAT_FSquad_Textured.obj : error LNK2001: Nicht aufgelöstes externes Symbol ""protected: static void __cdecl Material::assignAttributeSemantic(class Shader *,class std::basic_string<char,struct std::char_traits<char>,class std::allocator<char> > const &,enum ShaderSemantics::Semantic)" (?assignAttributeSemantic@Material@@KAXPAVShader@@ABV?$basic_string@DU?$char_traits@D@std@@V?$allocator@D@2@@std@@W4Semantic@ShaderSemantics@@@Z)".
     1>MAT_FSquad_ToneMapping.obj : error LNK2001: Nicht aufgelöstes externes Symbol ""protected: static void __cdecl Material::assignAttributeSemantic(class Shader *,class std::basic_string<char,struct std::char_traits<char>,class std::allocator<char> > const &,enum ShaderSemantics::Semantic)" (?assignAttributeSemantic@Material@@KAXPAVShader@@ABV?$basic_string@DU?$char_traits@D@std@@V?$allocator@D@2@@std@@W4Semantic@ShaderSemantics@@@Z)".
     1>MAT_Pointlight_Illumination.obj : error LNK2001: Nicht aufgelöstes externes Symbol ""protected: static void __cdecl Material::assignAttributeSemantic(class Shader *,class std::basic_string<char,struct std::char_traits<char>,class std::allocator<char> > const &,enum ShaderSemantics::Semantic)" (?assignAttributeSemantic@Material@@KAXPAVShader@@ABV?$basic_string@DU?$char_traits@D@std@@V?$allocator@D@2@@std@@W4Semantic@ShaderSemantics@@@Z)".
     1>MAT_FSquad_FinalComposite.obj : error LNK2001: Nicht aufgelöstes externes Symbol ""protected: static void __cdecl Material::assignAttributeSemantic(class Shader *,class std::basic_string<char,struct std::char_traits<char>,class std::allocator<char> > const &,enum ShaderSemantics::Semantic)" (?assignAttributeSemantic@Material@@KAXPAVShader@@ABV?$basic_string@DU?$char_traits@D@std@@V?$allocator@D@2@@std@@W4Semantic@ShaderSemantics@@@Z)".
     1>MAT_FSquad_FXAA.obj : error LNK2001: Nicht aufgelöstes externes Symbol ""protected: static void __cdecl Material::assignAttributeSemantic(class Shader *,class std::basic_string<char,struct std::char_traits<char>,class std::allocator<char> > const &,enum ShaderSemantics::Semantic)" (?assignAttributeSemantic@Material@@KAXPAVShader@@ABV?$basic_string@DU?$char_traits@D@std@@V?$allocator@D@2@@std@@W4Semantic@ShaderSemantics@@@Z)".
     1>MAT_FSquad_GaussianBlur.obj : error LNK2001: Nicht aufgelöstes externes Symbol ""protected: static void __cdecl Material::assignAttributeSemantic(class Shader *,class std::basic_string<char,struct std::char_traits<char>,class std::allocator<char> > const &,enum ShaderSemantics::Semantic)" (?assignAttributeSemantic@Material@@KAXPAVShader@@ABV?$basic_string@DU?$char_traits@D@std@@V?$allocator@D@2@@std@@W4Semantic@ShaderSemantics@@@Z)".
     1>MAT_FSquad_LumaTimeAdaption.obj : error LNK2001: Nicht aufgelöstes externes Symbol ""protected: static void __cdecl Material::assignAttributeSemantic(class Shader *,class std::basic_string<char,struct std::char_traits<char>,class std::allocator<char> > const &,enum ShaderSemantics::Semantic)" (?assignAttributeSemantic@Material@@KAXPAVShader@@ABV?$basic_string@DU?$char_traits@D@std@@V?$allocator@D@2@@std@@W4Semantic@ShaderSemantics@@@Z)".
     1>MAT_Colored.obj : error LNK2001: Nicht aufgelöstes externes Symbol ""protected: static void __cdecl Material::assignAttributeSemantic(class Shader *,class std::basic_string<char,struct std::char_traits<char>,class std::allocator<char> > const &,enum ShaderSemantics::Semantic)" (?assignAttributeSemantic@Material@@KAXPAVShader@@ABV?$basic_string@DU?$char_traits@D@std@@V?$allocator@D@2@@std@@W4Semantic@ShaderSemantics@@@Z)".
     1>MAT_FSquad_Bloom.obj : error LNK2001: Nicht aufgelöstes externes Symbol ""protected: static void __cdecl Material::assignAttributeSemantic(class Shader *,class std::basic_string<char,struct std::char_traits<char>,class std::allocator<char> > const &,enum ShaderSemantics::Semantic)" (?assignAttributeSemantic@Material@@KAXPAVShader@@ABV?$basic_string@DU?$char_traits@D@std@@V?$allocator@D@2@@std@@W4Semantic@ShaderSemantics@@@Z)".
     1>MAT_FSquad_BrightPass.obj : error LNK2001: Nicht aufgelöstes externes Symbol ""protected: static void __cdecl Material::assignAttributeSemantic(class Shader *,class std::basic_string<char,struct std::char_traits<char>,class std::allocator<char> > const &,enum ShaderSemantics::Semantic)" (?assignAttributeSemantic@Material@@KAXPAVShader@@ABV?$basic_string@DU?$char_traits@D@std@@V?$allocator@D@2@@std@@W4Semantic@ShaderSemantics@@@Z)".
     1>MAT_FSquad_DirLighting.obj : error LNK2001: Nicht aufgelöstes externes Symbol ""protected: static void __cdecl Material::assignAttributeSemantic(class Shader *,class std::basic_string<char,struct std::char_traits<char>,class std::allocator<char> > const &,enum ShaderSemantics::Semantic)" (?assignAttributeSemantic@Material@@KAXPAVShader@@ABV?$basic_string@DU?$char_traits@D@std@@V?$allocator@D@2@@std@@W4Semantic@ShaderSemantics@@@Z)".
     1>MAT_TexturedNormalSpecular.obj : error LNK2001: Nicht aufgelöstes externes Symbol ""protected: static void __cdecl Material::assignUniformSemantic(class Shader *,class std::basic_string<char,struct std::char_traits<char>,class std::allocator<char> > const &,enum ShaderSemantics::Semantic,int)" (?assignUniformSemantic@Material@@KAXPAVShader@@ABV?$basic_string@DU?$char_traits@D@std@@V?$allocator@D@2@@std@@W4Semantic@ShaderSemantics@@H@Z)".
     1>MAT_FSquad_Textured.obj : error LNK2001: Nicht aufgelöstes externes Symbol ""protected: static void __cdecl Material::assignUniformSemantic(class Shader *,class std::basic_string<char,struct std::char_traits<char>,class std::allocator<char> > const &,enum ShaderSemantics::Semantic,int)" (?assignUniformSemantic@Material@@KAXPAVShader@@ABV?$basic_string@DU?$char_traits@D@std@@V?$allocator@D@2@@std@@W4Semantic@ShaderSemantics@@H@Z)".
     1>MAT_FSquad_ToneMapping.obj : error LNK2019: Verweis auf nicht aufgelöstes externes Symbol ""protected: static void __cdecl Material::assignUniformSemantic(class Shader *,class std::basic_string<char,struct std::char_traits<char>,class std::allocator<char> > const &,enum ShaderSemantics::Semantic,int)" (?assignUniformSemantic@Material@@KAXPAVShader@@ABV?$basic_string@DU?$char_traits@D@std@@V?$allocator@D@2@@std@@W4Semantic@ShaderSemantics@@H@Z)" in Funktion ""public: virtual bool __thiscall MAT_FSquad_ToneMapping::Init(void)" (?Init@MAT_FSquad_ToneMapping@@UAE_NXZ)".
     1>MAT_Textured.obj : error LNK2001: Nicht aufgelöstes externes Symbol ""protected: static void __cdecl Material::assignUniformSemantic(class Shader *,class std::basic_string<char,struct std::char_traits<char>,class std::allocator<char> > const &,enum ShaderSemantics::Semantic,int)" (?assignUniformSemantic@Material@@KAXPAVShader@@ABV?$basic_string@DU?$char_traits@D@std@@V?$allocator@D@2@@std@@W4Semantic@ShaderSemantics@@H@Z)".
     1>MAT_TexturedNormal.obj : error LNK2001: Nicht aufgelöstes externes Symbol ""protected: static void __cdecl Material::assignUniformSemantic(class Shader *,class std::basic_string<char,struct std::char_traits<char>,class std::allocator<char> > const &,enum ShaderSemantics::Semantic,int)" (?assignUniformSemantic@Material@@KAXPAVShader@@ABV?$basic_string@DU?$char_traits@D@std@@V?$allocator@D@2@@std@@W4Semantic@ShaderSemantics@@H@Z)".
     1>MAT_FSquad_FXAA.obj : error LNK2001: Nicht aufgelöstes externes Symbol ""protected: static void __cdecl Material::assignUniformSemantic(class Shader *,class std::basic_string<char,struct std::char_traits<char>,class std::allocator<char> > const &,enum ShaderSemantics::Semantic,int)" (?assignUniformSemantic@Material@@KAXPAVShader@@ABV?$basic_string@DU?$char_traits@D@std@@V?$allocator@D@2@@std@@W4Semantic@ShaderSemantics@@H@Z)".
     1>MAT_FSquad_GaussianBlur.obj : error LNK2001: Nicht aufgelöstes externes Symbol ""protected: static void __cdecl Material::assignUniformSemantic(class Shader *,class std::basic_string<char,struct std::char_traits<char>,class std::allocator<char> > const &,enum ShaderSemantics::Semantic,int)" (?assignUniformSemantic@Material@@KAXPAVShader@@ABV?$basic_string@DU?$char_traits@D@std@@V?$allocator@D@2@@std@@W4Semantic@ShaderSemantics@@H@Z)".
     1>MAT_FSquad_LumaTimeAdaption.obj : error LNK2001: Nicht aufgelöstes externes Symbol ""protected: static void __cdecl Material::assignUniformSemantic(class Shader *,class std::basic_string<char,struct std::char_traits<char>,class std::allocator<char> > const &,enum ShaderSemantics::Semantic,int)" (?assignUniformSemantic@Material@@KAXPAVShader@@ABV?$basic_string@DU?$char_traits@D@std@@V?$allocator@D@2@@std@@W4Semantic@ShaderSemantics@@H@Z)".
     1>MAT_FSquad_PointLighting.obj : error LNK2001: Nicht aufgelöstes externes Symbol ""protected: static void __cdecl Material::assignUniformSemantic(class Shader *,class std::basic_string<char,struct std::char_traits<char>,class std::allocator<char> > const &,enum ShaderSemantics::Semantic,int)" (?assignUniformSemantic@Material@@KAXPAVShader@@ABV?$basic_string@DU?$char_traits@D@std@@V?$allocator@D@2@@std@@W4Semantic@ShaderSemantics@@H@Z)".
     1>MAT_FSquad_Bloom.obj : error LNK2001: Nicht aufgelöstes externes Symbol ""protected: static void __cdecl Material::assignUniformSemantic(class Shader *,class std::basic_string<char,struct std::char_traits<char>,class std::allocator<char> > const &,enum ShaderSemantics::Semantic,int)" (?assignUniformSemantic@Material@@KAXPAVShader@@ABV?$basic_string@DU?$char_traits@D@std@@V?$allocator@D@2@@std@@W4Semantic@ShaderSemantics@@H@Z)".
     1>MAT_FSquad_BrightPass.obj : error LNK2001: Nicht aufgelöstes externes Symbol ""protected: static void __cdecl Material::assignUniformSemantic(class Shader *,class std::basic_string<char,struct std::char_traits<char>,class std::allocator<char> > const &,enum ShaderSemantics::Semantic,int)" (?assignUniformSemantic@Material@@KAXPAVShader@@ABV?$basic_string@DU?$char_traits@D@std@@V?$allocator@D@2@@std@@W4Semantic@ShaderSemantics@@H@Z)".
     1>MAT_FSquad_DirLighting.obj : error LNK2001: Nicht aufgelöstes externes Symbol ""protected: static void __cdecl Material::assignUniformSemantic(class Shader *,class std::basic_string<char,struct std::char_traits<char>,class std::allocator<char> > const &,enum ShaderSemantics::Semantic,int)" (?assignUniformSemantic@Material@@KAXPAVShader@@ABV?$basic_string@DU?$char_traits@D@std@@V?$allocator@D@2@@std@@W4Semantic@ShaderSemantics@@H@Z)".
     1>MAT_FSquad_FinalComposite.obj : error LNK2001: Nicht aufgelöstes externes Symbol ""protected: static void __cdecl Material::assignUniformSemantic(class Shader *,class std::basic_string<char,struct std::char_traits<char>,class std::allocator<char> > const &,enum ShaderSemantics::Semantic,int)" (?assignUniformSemantic@Material@@KAXPAVShader@@ABV?$basic_string@DU?$char_traits@D@std@@V?$allocator@D@2@@std@@W4Semantic@ShaderSemantics@@H@Z)".
     1>MAT_FSquad_GaussianBlur.obj : error LNK2019: Verweis auf nicht aufgelöstes externes Symbol ""public: static void __cdecl UniformUtil::UpdateUniform(class IUniform *,int)" (?UpdateUniform@UniformUtil@@SAXPAVIUniform@@H@Z)" in Funktion ""public: virtual void __thiscall MAT_FSquad_GaussianBlur::UpdateUniform(class IUniform *)const " (?UpdateUniform@MAT_FSquad_GaussianBlur@@UBEXPAVIUniform@@@Z)".
     1>MAT_FSquad_GaussianBlur.obj : error LNK2019: Verweis auf nicht aufgelöstes externes Symbol ""public: static void __cdecl UniformUtil::UpdateUniform(class IUniform *,struct glm::detail::tvec2<float> const &)" (?UpdateUniform@UniformUtil@@SAXPAVIUniform@@ABU?$tvec2@M@detail@glm@@@Z)" in Funktion ""public: virtual void __thiscall MAT_FSquad_GaussianBlur::UpdateUniform(class IUniform *)const " (?UpdateUniform@MAT_FSquad_GaussianBlur@@UBEXPAVIUniform@@@Z)".
     1>MAT_TexturedNormal.obj : error LNK2019: Verweis auf nicht aufgelöstes externes Symbol ""public: static void __cdecl UniformUtil::UpdateUniform(class IUniform *,float)" (?UpdateUniform@UniformUtil@@SAXPAVIUniform@@M@Z)" in Funktion ""public: virtual void __thiscall MAT_TexturedNormal::UpdateUniform(class IUniform *)const " (?UpdateUniform@MAT_TexturedNormal@@UBEXPAVIUniform@@@Z)".
     1>MAT_TexturedNormalSpecular.obj : error LNK2001: Nicht aufgelöstes externes Symbol ""public: static void __cdecl UniformUtil::UpdateUniform(class IUniform *,float)" (?UpdateUniform@UniformUtil@@SAXPAVIUniform@@M@Z)".
     1>Entity.obj : error LNK2019: Verweis auf nicht aufgelöstes externes Symbol ""public: class BoundingSphere __thiscall BoundingSphere::operator*(struct glm::detail::tmat4x4<float> const &)const " (??DBoundingSphere@@QBE?AV0@ABU?$tmat4x4@M@detail@glm@@@Z)" in Funktion ""public: virtual class BoundingSphere const & __thiscall Entity::getBoundingSphere(void)" (?getBoundingSphere@Entity@@UAEABVBoundingSphere@@XZ)".
     1>SceneManager.obj : error LNK2019: Verweis auf nicht aufgelöstes externes Symbol ""public: static class LightRegistry & __cdecl LightRegistry::getInstance(void)" (?getInstance@LightRegistry@@SAAAV1@XZ)" in Funktion ""private: void __thiscall SceneManager::generalInit(void)" (?generalInit@SceneManager@@AAEXXZ)".
     1>SceneManager.obj : error LNK2019: Verweis auf nicht aufgelöstes externes Symbol ""public: class SceneNode * __thiscall ModelLoader::LoadAsset(class std::basic_string<char,struct std::char_traits<char>,class std::allocator<char> > const &,class SceneManager *)" (?LoadAsset@ModelLoader@@QAEPAVSceneNode@@ABV?$basic_string@DU?$char_traits@D@std@@V?$allocator@D@2@@std@@PAVSceneManager@@@Z)" in Funktion ""public: class SceneNode * __thiscall SceneManager::LoadAssetIntoScene(class std::basic_string<char,struct std::char_traits<char>,class std::allocator<char> > const &)" (?LoadAssetIntoScene@SceneManager@@QAEPAVSceneNode@@ABV?$basic_string@DU?$char_traits@D@std@@V?$allocator@D@2@@std@@@Z)".
     1>C:\Users\Dominik\Dropbox\Entwicklung\OpenGL_Apps\\bin\Debug\DeferredRenderer.exe : fatal error LNK1120: 17 nicht aufgelöste externe Verweise.
     1>Die Erstellung des Projekts "C:\Users\Dominik\Dropbox\Entwicklung\OpenGL_Apps\DeferredRenderer\DeferredRenderer.vcxproj" ist abgeschlossen, build Ziel(e) -- FEHLER.

Fehler beim Erstellen

Verstrichene Zeit 00:00:02.35
