Build started 9/17/2012 9:52:31 PM.
     1>Project "C:\Users\paino_000\Dropbox\Entwicklung\OpenGL_Apps\libGL\libGL.vcxproj" on node 2 (build target(s)).
     1>InitializeBuildStatus:
         Creating "C:\Users\paino_000\Dropbox\Entwicklung\OpenGL_Apps\\obj\Debug\libGL.unsuccessfulbuild" because "AlwaysCreate" was specified.
       ClCompile:
         All outputs are up-to-date.
       Link:
         All outputs are up-to-date.
         libGL.vcxproj -> C:\Users\paino_000\Dropbox\Entwicklung\OpenGL_Apps\\bin\Debug\libGL.dll
       PostBuildEvent:
         xcopy C:\Users\paino_000\Dropbox\Entwicklung\OpenGL_Apps\\bin\Debug\libGL.lib C:\Users\paino_000\Dropbox\Entwicklung\OpenGL_Apps\\obj\Debug\ /Y
         xcopy C:\Users\paino_000\Documents\Entwicklung\Libraries\assimp\lib\Debug\assimp32.dll C:\Users\paino_000\Dropbox\Entwicklung\OpenGL_Apps\\bin\Debug\ /Y
         :VCEnd
         C:\Users\paino_000\Dropbox\Entwicklung\OpenGL_Apps\\bin\Debug\libGL.lib
         1 Datei(en) kopiert
         C:\Users\paino_000\Documents\Entwicklung\Libraries\assimp\lib\Debug\Assimp32.dll
         1 Datei(en) kopiert
       FinalizeBuildStatus:
         Deleting file "C:\Users\paino_000\Dropbox\Entwicklung\OpenGL_Apps\\obj\Debug\libGL.unsuccessfulbuild".
         Touching "C:\Users\paino_000\Dropbox\Entwicklung\OpenGL_Apps\\obj\Debug\libGL.lastbuildstate".
     1>Done Building Project "C:\Users\paino_000\Dropbox\Entwicklung\OpenGL_Apps\libGL\libGL.vcxproj" (build target(s)).

Build succeeded.

Time Elapsed 00:00:00.22
