C:\Users\paino_000\Dropbox\Entwicklung\OpenGL_Apps\\bin\Debug\libGL.dll
C:\Users\paino_000\Dropbox\Entwicklung\OpenGL_Apps\\bin\Debug\libGL.ilk
C:\Users\paino_000\Dropbox\Entwicklung\OpenGL_Apps\\bin\Debug\libGL.pdb
C:\USERS\PAINO_000\DROPBOX\ENTWICKLUNG\OPENGL_APPS\BIN\DEBUG\LIBGL.DLL
C:\Users\paino_000\Dropbox\Entwicklung\OpenGL_Apps\bin\Debug\libGL.exp
C:\USERS\PAINO_000\DROPBOX\ENTWICKLUNG\OPENGL_APPS\BIN\DEBUG\LIBGL.ILK
C:\Users\paino_000\Dropbox\Entwicklung\OpenGL_Apps\bin\Debug\libGL.lib
C:\USERS\PAINO_000\DROPBOX\ENTWICKLUNG\OPENGL_APPS\BIN\DEBUG\LIBGL.PDB
C:\USERS\PAINO_000\DROPBOX\ENTWICKLUNG\OPENGL_APPS\OBJ\DEBUG\AABOUNDINGBOX.OBJ
C:\USERS\PAINO_000\DROPBOX\ENTWICKLUNG\OPENGL_APPS\OBJ\DEBUG\BASEGEOMETRYOBJECT.OBJ
C:\USERS\PAINO_000\DROPBOX\ENTWICKLUNG\OPENGL_APPS\OBJ\DEBUG\BASERENDERABLEOBJECT.OBJ
C:\USERS\PAINO_000\DROPBOX\ENTWICKLUNG\OPENGL_APPS\OBJ\DEBUG\BOUNDINGSPHERE.OBJ
C:\USERS\PAINO_000\DROPBOX\ENTWICKLUNG\OPENGL_APPS\OBJ\DEBUG\CAMERA.OBJ
C:\Users\paino_000\Dropbox\Entwicklung\OpenGL_Apps\obj\Debug\cl.command.1.tlog
C:\Users\paino_000\Dropbox\Entwicklung\OpenGL_Apps\obj\Debug\CL.read.1.tlog
C:\Users\paino_000\Dropbox\Entwicklung\OpenGL_Apps\obj\Debug\CL.write.1.tlog
C:\Users\paino_000\Dropbox\Entwicklung\OpenGL_Apps\obj\Debug\DeferredRenderer.write.1.tlog
C:\USERS\PAINO_000\DROPBOX\ENTWICKLUNG\OPENGL_APPS\OBJ\DEBUG\DIRECTIONALLIGHT.OBJ
C:\USERS\PAINO_000\DROPBOX\ENTWICKLUNG\OPENGL_APPS\OBJ\DEBUG\ENGINE.OBJ
C:\USERS\PAINO_000\DROPBOX\ENTWICKLUNG\OPENGL_APPS\OBJ\DEBUG\ENTITY.OBJ
C:\USERS\PAINO_000\DROPBOX\ENTWICKLUNG\OPENGL_APPS\OBJ\DEBUG\FILEREADER.OBJ
C:\USERS\PAINO_000\DROPBOX\ENTWICKLUNG\OPENGL_APPS\OBJ\DEBUG\FULLSCREENQUAD.OBJ
C:\USERS\PAINO_000\DROPBOX\ENTWICKLUNG\OPENGL_APPS\OBJ\DEBUG\GLBUFFERUPLOADER.OBJ
C:\USERS\PAINO_000\DROPBOX\ENTWICKLUNG\OPENGL_APPS\OBJ\DEBUG\GLDEFERREDRENDERER.OBJ
C:\USERS\PAINO_000\DROPBOX\ENTWICKLUNG\OPENGL_APPS\OBJ\DEBUG\GLRENDERER.OBJ
C:\USERS\PAINO_000\DROPBOX\ENTWICKLUNG\OPENGL_APPS\OBJ\DEBUG\GLRESOURCEMANAGER.OBJ
C:\USERS\PAINO_000\DROPBOX\ENTWICKLUNG\OPENGL_APPS\OBJ\DEBUG\GLRESOURCEPATHMANAGER.OBJ
C:\USERS\PAINO_000\DROPBOX\ENTWICKLUNG\OPENGL_APPS\OBJ\DEBUG\GLSLPREPROCESSOR.OBJ
C:\USERS\PAINO_000\DROPBOX\ENTWICKLUNG\OPENGL_APPS\OBJ\DEBUG\GLTEXTURE.OBJ
C:\USERS\PAINO_000\DROPBOX\ENTWICKLUNG\OPENGL_APPS\OBJ\DEBUG\LIBGL.DLL.INTERMEDIATE.MANIFEST
C:\Users\paino_000\Dropbox\Entwicklung\OpenGL_Apps\obj\Debug\libGL.vcxprojResolveAssemblyReference.cache
C:\Users\paino_000\Dropbox\Entwicklung\OpenGL_Apps\obj\Debug\libGL.write.1.tlog
C:\USERS\PAINO_000\DROPBOX\ENTWICKLUNG\OPENGL_APPS\OBJ\DEBUG\LIGHT.OBJ
C:\Users\paino_000\Dropbox\Entwicklung\OpenGL_Apps\obj\Debug\link.command.1.tlog
C:\Users\paino_000\Dropbox\Entwicklung\OpenGL_Apps\obj\Debug\link.read.1.tlog
C:\Users\paino_000\Dropbox\Entwicklung\OpenGL_Apps\obj\Debug\link.write.1.tlog
C:\USERS\PAINO_000\DROPBOX\ENTWICKLUNG\OPENGL_APPS\OBJ\DEBUG\MAIN.OBJ
C:\USERS\PAINO_000\DROPBOX\ENTWICKLUNG\OPENGL_APPS\OBJ\DEBUG\MAT_COLORED.OBJ
C:\USERS\PAINO_000\DROPBOX\ENTWICKLUNG\OPENGL_APPS\OBJ\DEBUG\MAT_FSQUAD_BLOOM.OBJ
C:\USERS\PAINO_000\DROPBOX\ENTWICKLUNG\OPENGL_APPS\OBJ\DEBUG\MAT_FSQUAD_BRIGHTPASS.OBJ
C:\USERS\PAINO_000\DROPBOX\ENTWICKLUNG\OPENGL_APPS\OBJ\DEBUG\MAT_FSQUAD_DIRLIGHTING.OBJ
C:\USERS\PAINO_000\DROPBOX\ENTWICKLUNG\OPENGL_APPS\OBJ\DEBUG\MAT_FSQUAD_FINALCOMPOSITE.OBJ
C:\USERS\PAINO_000\DROPBOX\ENTWICKLUNG\OPENGL_APPS\OBJ\DEBUG\MAT_FSQUAD_FXAA.OBJ
C:\USERS\PAINO_000\DROPBOX\ENTWICKLUNG\OPENGL_APPS\OBJ\DEBUG\MAT_FSQUAD_GAUSSIANBLUR.OBJ
C:\USERS\PAINO_000\DROPBOX\ENTWICKLUNG\OPENGL_APPS\OBJ\DEBUG\MAT_FSQUAD_LUMATIMEADAPTION.OBJ
C:\USERS\PAINO_000\DROPBOX\ENTWICKLUNG\OPENGL_APPS\OBJ\DEBUG\MAT_FSQUAD_POINTLIGHTING.OBJ
C:\USERS\PAINO_000\DROPBOX\ENTWICKLUNG\OPENGL_APPS\OBJ\DEBUG\MAT_FSQUAD_TEXTURED.OBJ
C:\USERS\PAINO_000\DROPBOX\ENTWICKLUNG\OPENGL_APPS\OBJ\DEBUG\MAT_FSQUAD_TONEMAPPING.OBJ
C:\USERS\PAINO_000\DROPBOX\ENTWICKLUNG\OPENGL_APPS\OBJ\DEBUG\MAT_POINTLIGHT_ILLUMINATION.OBJ
C:\USERS\PAINO_000\DROPBOX\ENTWICKLUNG\OPENGL_APPS\OBJ\DEBUG\MAT_TEST.OBJ
C:\USERS\PAINO_000\DROPBOX\ENTWICKLUNG\OPENGL_APPS\OBJ\DEBUG\MAT_TEXTURED.OBJ
C:\USERS\PAINO_000\DROPBOX\ENTWICKLUNG\OPENGL_APPS\OBJ\DEBUG\MAT_TEXTUREDNORMAL.OBJ
C:\USERS\PAINO_000\DROPBOX\ENTWICKLUNG\OPENGL_APPS\OBJ\DEBUG\MAT_TEXTUREDNORMALSPECULAR.OBJ
C:\USERS\PAINO_000\DROPBOX\ENTWICKLUNG\OPENGL_APPS\OBJ\DEBUG\MATERIAL.OBJ
C:\USERS\PAINO_000\DROPBOX\ENTWICKLUNG\OPENGL_APPS\OBJ\DEBUG\MESH.OBJ
C:\USERS\PAINO_000\DROPBOX\ENTWICKLUNG\OPENGL_APPS\OBJ\DEBUG\MODELLOADER.OBJ
C:\Users\paino_000\Dropbox\Entwicklung\OpenGL_Apps\obj\Debug\mt.command.1.tlog
C:\Users\paino_000\Dropbox\Entwicklung\OpenGL_Apps\obj\Debug\mt.read.1.tlog
C:\Users\paino_000\Dropbox\Entwicklung\OpenGL_Apps\obj\Debug\mt.write.1.tlog
C:\USERS\PAINO_000\DROPBOX\ENTWICKLUNG\OPENGL_APPS\OBJ\DEBUG\NAMEREGISTRY.OBJ
C:\USERS\PAINO_000\DROPBOX\ENTWICKLUNG\OPENGL_APPS\OBJ\DEBUG\NODEREGISTRY.OBJ
C:\USERS\PAINO_000\DROPBOX\ENTWICKLUNG\OPENGL_APPS\OBJ\DEBUG\OBJECTREGISTRY.OBJ
C:\USERS\PAINO_000\DROPBOX\ENTWICKLUNG\OPENGL_APPS\OBJ\DEBUG\PASS_GAUSSIANBLUR.OBJ
C:\USERS\PAINO_000\DROPBOX\ENTWICKLUNG\OPENGL_APPS\OBJ\DEBUG\PATHSERVICE.OBJ
C:\USERS\PAINO_000\DROPBOX\ENTWICKLUNG\OPENGL_APPS\OBJ\DEBUG\POINTLIGHT.OBJ
C:\USERS\PAINO_000\DROPBOX\ENTWICKLUNG\OPENGL_APPS\OBJ\DEBUG\SCENENODE.OBJ
C:\USERS\PAINO_000\DROPBOX\ENTWICKLUNG\OPENGL_APPS\OBJ\DEBUG\SHADER.OBJ
C:\USERS\PAINO_000\DROPBOX\ENTWICKLUNG\OPENGL_APPS\OBJ\DEBUG\SHADERLOADER.OBJ
C:\USERS\PAINO_000\DROPBOX\ENTWICKLUNG\OPENGL_APPS\OBJ\DEBUG\SPOTLIGHT.OBJ
C:\USERS\PAINO_000\DROPBOX\ENTWICKLUNG\OPENGL_APPS\OBJ\DEBUG\TEXTURELOADER.OBJ
C:\USERS\PAINO_000\DROPBOX\ENTWICKLUNG\OPENGL_APPS\OBJ\DEBUG\TEXTUREMANAGER.OBJ
C:\USERS\PAINO_000\DROPBOX\ENTWICKLUNG\OPENGL_APPS\OBJ\DEBUG\TEXTURETGA.OBJ
C:\USERS\PAINO_000\DROPBOX\ENTWICKLUNG\OPENGL_APPS\OBJ\DEBUG\TRANSFORMSQT.OBJ
C:\USERS\PAINO_000\DROPBOX\ENTWICKLUNG\OPENGL_APPS\OBJ\DEBUG\UNIFORM.OBJ
C:\USERS\PAINO_000\DROPBOX\ENTWICKLUNG\OPENGL_APPS\OBJ\DEBUG\UNIFORMREGISTRY.OBJ
C:\USERS\PAINO_000\DROPBOX\ENTWICKLUNG\OPENGL_APPS\OBJ\DEBUG\UNIFORMUTIL.OBJ
C:\Users\paino_000\Dropbox\Entwicklung\OpenGL_Apps\obj\Debug\vc100.idb
C:\USERS\PAINO_000\DROPBOX\ENTWICKLUNG\OPENGL_APPS\OBJ\DEBUG\VC100.PDB
C:\USERS\PAINO_000\DROPBOX\ENTWICKLUNG\OPENGL_APPS\OBJ\DEBUG\VERTEXDECLARATIONS.OBJ
