C:\USERS\DOMINIK\DROPBOX\ENTWICKLUNG\OPENGL_APPS\DOGL\OBJ\DEBUG\AABOUNDINGBOX.OBJ
C:\USERS\DOMINIK\DROPBOX\ENTWICKLUNG\OPENGL_APPS\DOGL\OBJ\DEBUG\BASEGEOMETRYOBJECT.OBJ
C:\USERS\DOMINIK\DROPBOX\ENTWICKLUNG\OPENGL_APPS\DOGL\OBJ\DEBUG\BOUNDINGSPHERE.OBJ
C:\USERS\DOMINIK\DROPBOX\ENTWICKLUNG\OPENGL_APPS\DOGL\OBJ\DEBUG\CAMERA.OBJ
C:\Users\Dominik\Dropbox\Entwicklung\OpenGL_Apps\DOGL\obj\Debug\cl.command.1.tlog
C:\Users\Dominik\Dropbox\Entwicklung\OpenGL_Apps\DOGL\obj\Debug\CL.read.1.tlog
C:\Users\Dominik\Dropbox\Entwicklung\OpenGL_Apps\DOGL\obj\Debug\CL.write.1.tlog
C:\USERS\DOMINIK\DROPBOX\ENTWICKLUNG\OPENGL_APPS\DOGL\OBJ\DEBUG\DIRECTIONALLIGHT.OBJ
C:\USERS\DOMINIK\DROPBOX\ENTWICKLUNG\OPENGL_APPS\DOGL\OBJ\DEBUG\ENGINE.OBJ
C:\USERS\DOMINIK\DROPBOX\ENTWICKLUNG\OPENGL_APPS\DOGL\OBJ\DEBUG\FILEREADER.OBJ
C:\USERS\DOMINIK\DROPBOX\ENTWICKLUNG\OPENGL_APPS\DOGL\OBJ\DEBUG\GLBUFFERUPLOADER.OBJ
C:\USERS\DOMINIK\DROPBOX\ENTWICKLUNG\OPENGL_APPS\DOGL\OBJ\DEBUG\GLRENDERER.OBJ
C:\USERS\DOMINIK\DROPBOX\ENTWICKLUNG\OPENGL_APPS\DOGL\OBJ\DEBUG\GLRESOURCEMANAGER.OBJ
C:\USERS\DOMINIK\DROPBOX\ENTWICKLUNG\OPENGL_APPS\DOGL\OBJ\DEBUG\GLRESOURCEPATHMANAGER.OBJ
C:\USERS\DOMINIK\DROPBOX\ENTWICKLUNG\OPENGL_APPS\DOGL\OBJ\DEBUG\GLSLPREPROCESSOR.OBJ
C:\USERS\DOMINIK\DROPBOX\ENTWICKLUNG\OPENGL_APPS\DOGL\OBJ\DEBUG\GLTEXTURE.OBJ
C:\USERS\DOMINIK\DROPBOX\ENTWICKLUNG\OPENGL_APPS\DOGL\OBJ\DEBUG\LIGHT.OBJ
C:\USERS\DOMINIK\DROPBOX\ENTWICKLUNG\OPENGL_APPS\DOGL\OBJ\DEBUG\MATERIAL.OBJ
C:\USERS\DOMINIK\DROPBOX\ENTWICKLUNG\OPENGL_APPS\DOGL\OBJ\DEBUG\MESH.OBJ
C:\USERS\DOMINIK\DROPBOX\ENTWICKLUNG\OPENGL_APPS\DOGL\OBJ\DEBUG\MODELLOADER.OBJ
C:\USERS\DOMINIK\DROPBOX\ENTWICKLUNG\OPENGL_APPS\DOGL\OBJ\DEBUG\NAMEREGISTRY.OBJ
C:\USERS\DOMINIK\DROPBOX\ENTWICKLUNG\OPENGL_APPS\DOGL\OBJ\DEBUG\POINTLIGHT.OBJ
C:\USERS\DOMINIK\DROPBOX\ENTWICKLUNG\OPENGL_APPS\DOGL\OBJ\DEBUG\SHADER.OBJ
C:\USERS\DOMINIK\DROPBOX\ENTWICKLUNG\OPENGL_APPS\DOGL\OBJ\DEBUG\SHADERLOADER.OBJ
C:\USERS\DOMINIK\DROPBOX\ENTWICKLUNG\OPENGL_APPS\DOGL\OBJ\DEBUG\SPOTLIGHT.OBJ
C:\USERS\DOMINIK\DROPBOX\ENTWICKLUNG\OPENGL_APPS\DOGL\OBJ\DEBUG\TEXTURELOADER.OBJ
C:\USERS\DOMINIK\DROPBOX\ENTWICKLUNG\OPENGL_APPS\DOGL\OBJ\DEBUG\TEXTUREMANAGER.OBJ
C:\USERS\DOMINIK\DROPBOX\ENTWICKLUNG\OPENGL_APPS\DOGL\OBJ\DEBUG\TEXTURETGA.OBJ
C:\USERS\DOMINIK\DROPBOX\ENTWICKLUNG\OPENGL_APPS\DOGL\OBJ\DEBUG\UNIFORM.OBJ
C:\USERS\DOMINIK\DROPBOX\ENTWICKLUNG\OPENGL_APPS\DOGL\OBJ\DEBUG\UNIFORMREGISTRY.OBJ
C:\USERS\DOMINIK\DROPBOX\ENTWICKLUNG\OPENGL_APPS\DOGL\OBJ\DEBUG\UNIFORMUTIL.OBJ
C:\Users\Dominik\Dropbox\Entwicklung\OpenGL_Apps\DOGL\obj\Debug\vc100.idb
C:\USERS\DOMINIK\DROPBOX\ENTWICKLUNG\OPENGL_APPS\DOGL\OBJ\DEBUG\VC100.PDB
C:\USERS\DOMINIK\DROPBOX\ENTWICKLUNG\OPENGL_APPS\DOGL\OBJ\DEBUG\VERTEXDECLARATIONS.OBJ
