C:\Users\paino_000\Dropbox\Entwicklung\OpenGL_Apps\\bin\Debug\libGL.dll
C:\Users\paino_000\Dropbox\Entwicklung\OpenGL_Apps\\bin\Debug\libGL.ilk
C:\Users\paino_000\Dropbox\Entwicklung\OpenGL_Apps\\bin\Debug\libGL.pdb
C:\USERS\PAINO_000\DROPBOX\ENTWICKLUNG\OPENGL_APPS\BIN\DEBUG\LIBGL.DLL
C:\Users\paino_000\Dropbox\Entwicklung\OpenGL_Apps\bin\Debug\libGL.exp
C:\USERS\PAINO_000\DROPBOX\ENTWICKLUNG\OPENGL_APPS\BIN\DEBUG\LIBGL.ILK
C:\Users\paino_000\Dropbox\Entwicklung\OpenGL_Apps\bin\Debug\libGL.lib
C:\USERS\PAINO_000\DROPBOX\ENTWICKLUNG\OPENGL_APPS\BIN\DEBUG\LIBGL.PDB
C:\USERS\PAINO_000\DROPBOX\ENTWICKLUNG\OPENGL_APPS\LIBGL\OBJ\DEBUG\AABOUNDINGBOX.OBJ
C:\USERS\PAINO_000\DROPBOX\ENTWICKLUNG\OPENGL_APPS\LIBGL\OBJ\DEBUG\BASEGEOMETRYOBJECT.OBJ
C:\USERS\PAINO_000\DROPBOX\ENTWICKLUNG\OPENGL_APPS\LIBGL\OBJ\DEBUG\BOUNDINGSPHERE.OBJ
C:\USERS\PAINO_000\DROPBOX\ENTWICKLUNG\OPENGL_APPS\LIBGL\OBJ\DEBUG\CAMERA.OBJ
C:\Users\paino_000\Dropbox\Entwicklung\OpenGL_Apps\libGL\obj\Debug\cl.command.1.tlog
C:\Users\paino_000\Dropbox\Entwicklung\OpenGL_Apps\libGL\obj\Debug\CL.read.1.tlog
C:\Users\paino_000\Dropbox\Entwicklung\OpenGL_Apps\libGL\obj\Debug\CL.write.1.tlog
C:\USERS\PAINO_000\DROPBOX\ENTWICKLUNG\OPENGL_APPS\LIBGL\OBJ\DEBUG\DIRECTIONALLIGHT.OBJ
C:\USERS\PAINO_000\DROPBOX\ENTWICKLUNG\OPENGL_APPS\LIBGL\OBJ\DEBUG\FILEREADER.OBJ
C:\USERS\PAINO_000\DROPBOX\ENTWICKLUNG\OPENGL_APPS\LIBGL\OBJ\DEBUG\GLBUFFERUPLOADER.OBJ
C:\USERS\PAINO_000\DROPBOX\ENTWICKLUNG\OPENGL_APPS\LIBGL\OBJ\DEBUG\GLRENDERER.OBJ
C:\USERS\PAINO_000\DROPBOX\ENTWICKLUNG\OPENGL_APPS\LIBGL\OBJ\DEBUG\GLRESOURCEMANAGER.OBJ
C:\USERS\PAINO_000\DROPBOX\ENTWICKLUNG\OPENGL_APPS\LIBGL\OBJ\DEBUG\GLRESOURCEPATHMANAGER.OBJ
C:\USERS\PAINO_000\DROPBOX\ENTWICKLUNG\OPENGL_APPS\LIBGL\OBJ\DEBUG\GLSLPREPROCESSOR.OBJ
C:\USERS\PAINO_000\DROPBOX\ENTWICKLUNG\OPENGL_APPS\LIBGL\OBJ\DEBUG\GLTEXTURE.OBJ
C:\USERS\PAINO_000\DROPBOX\ENTWICKLUNG\OPENGL_APPS\LIBGL\OBJ\DEBUG\LIBGL.DLL.INTERMEDIATE.MANIFEST
C:\Users\paino_000\Dropbox\Entwicklung\OpenGL_Apps\libGL\obj\Debug\libGL.write.1.tlog
C:\USERS\PAINO_000\DROPBOX\ENTWICKLUNG\OPENGL_APPS\LIBGL\OBJ\DEBUG\LIGHT.OBJ
C:\Users\paino_000\Dropbox\Entwicklung\OpenGL_Apps\libGL\obj\Debug\link.command.1.tlog
C:\Users\paino_000\Dropbox\Entwicklung\OpenGL_Apps\libGL\obj\Debug\link.read.1.tlog
C:\Users\paino_000\Dropbox\Entwicklung\OpenGL_Apps\libGL\obj\Debug\link.write.1.tlog
C:\USERS\PAINO_000\DROPBOX\ENTWICKLUNG\OPENGL_APPS\LIBGL\OBJ\DEBUG\MATERIAL.OBJ
C:\USERS\PAINO_000\DROPBOX\ENTWICKLUNG\OPENGL_APPS\LIBGL\OBJ\DEBUG\MESH.OBJ
C:\USERS\PAINO_000\DROPBOX\ENTWICKLUNG\OPENGL_APPS\LIBGL\OBJ\DEBUG\MODELLOADER.OBJ
C:\Users\paino_000\Dropbox\Entwicklung\OpenGL_Apps\libGL\obj\Debug\mt.command.1.tlog
C:\Users\paino_000\Dropbox\Entwicklung\OpenGL_Apps\libGL\obj\Debug\mt.read.1.tlog
C:\Users\paino_000\Dropbox\Entwicklung\OpenGL_Apps\libGL\obj\Debug\mt.write.1.tlog
C:\USERS\PAINO_000\DROPBOX\ENTWICKLUNG\OPENGL_APPS\LIBGL\OBJ\DEBUG\NAMEREGISTRY.OBJ
C:\USERS\PAINO_000\DROPBOX\ENTWICKLUNG\OPENGL_APPS\LIBGL\OBJ\DEBUG\PATHSERVICE.OBJ
C:\USERS\PAINO_000\DROPBOX\ENTWICKLUNG\OPENGL_APPS\LIBGL\OBJ\DEBUG\POINTLIGHT.OBJ
C:\USERS\PAINO_000\DROPBOX\ENTWICKLUNG\OPENGL_APPS\LIBGL\OBJ\DEBUG\SHADER.OBJ
C:\USERS\PAINO_000\DROPBOX\ENTWICKLUNG\OPENGL_APPS\LIBGL\OBJ\DEBUG\SHADERLOADER.OBJ
C:\USERS\PAINO_000\DROPBOX\ENTWICKLUNG\OPENGL_APPS\LIBGL\OBJ\DEBUG\SPOTLIGHT.OBJ
C:\USERS\PAINO_000\DROPBOX\ENTWICKLUNG\OPENGL_APPS\LIBGL\OBJ\DEBUG\TEXTURELOADER.OBJ
C:\USERS\PAINO_000\DROPBOX\ENTWICKLUNG\OPENGL_APPS\LIBGL\OBJ\DEBUG\TEXTUREMANAGER.OBJ
C:\USERS\PAINO_000\DROPBOX\ENTWICKLUNG\OPENGL_APPS\LIBGL\OBJ\DEBUG\TEXTURETGA.OBJ
C:\USERS\PAINO_000\DROPBOX\ENTWICKLUNG\OPENGL_APPS\LIBGL\OBJ\DEBUG\UNIFORM.OBJ
C:\USERS\PAINO_000\DROPBOX\ENTWICKLUNG\OPENGL_APPS\LIBGL\OBJ\DEBUG\UNIFORMREGISTRY.OBJ
C:\USERS\PAINO_000\DROPBOX\ENTWICKLUNG\OPENGL_APPS\LIBGL\OBJ\DEBUG\UNIFORMUTIL.OBJ
C:\Users\paino_000\Dropbox\Entwicklung\OpenGL_Apps\libGL\obj\Debug\vc100.idb
C:\USERS\PAINO_000\DROPBOX\ENTWICKLUNG\OPENGL_APPS\LIBGL\OBJ\DEBUG\VC100.PDB
C:\USERS\PAINO_000\DROPBOX\ENTWICKLUNG\OPENGL_APPS\LIBGL\OBJ\DEBUG\VERTEXDECLARATIONS.OBJ
