C:\Users\paino_000\Dropbox\Entwicklung\OpenGL_Apps\\bin\Debug\DeferredRenderer.pdb
C:\USERS\PAINO_000\DROPBOX\ENTWICKLUNG\OPENGL_APPS\DEFERREDRENDERER\OBJ\DEBUG\BASERENDERABLEOBJECT.OBJ
C:\Users\paino_000\Dropbox\Entwicklung\OpenGL_Apps\DeferredRenderer\obj\Debug\cl.command.1.tlog
C:\Users\paino_000\Dropbox\Entwicklung\OpenGL_Apps\DeferredRenderer\obj\Debug\CL.read.1.tlog
C:\Users\paino_000\Dropbox\Entwicklung\OpenGL_Apps\DeferredRenderer\obj\Debug\CL.write.1.tlog
C:\Users\paino_000\Dropbox\Entwicklung\OpenGL_Apps\DeferredRenderer\obj\Debug\DeferredRenderer.exe.intermediate.manifest
C:\Users\paino_000\Dropbox\Entwicklung\OpenGL_Apps\DeferredRenderer\obj\Debug\DeferredRenderer.vcxprojResolveAssemblyReference.cache
C:\Users\paino_000\Dropbox\Entwicklung\OpenGL_Apps\DeferredRenderer\obj\Debug\DeferredRenderer.write.1.tlog
C:\USERS\PAINO_000\DROPBOX\ENTWICKLUNG\OPENGL_APPS\DEFERREDRENDERER\OBJ\DEBUG\ENGINE.OBJ
C:\USERS\PAINO_000\DROPBOX\ENTWICKLUNG\OPENGL_APPS\DEFERREDRENDERER\OBJ\DEBUG\ENTITY.OBJ
C:\USERS\PAINO_000\DROPBOX\ENTWICKLUNG\OPENGL_APPS\DEFERREDRENDERER\OBJ\DEBUG\FULLSCREENQUAD.OBJ
C:\USERS\PAINO_000\DROPBOX\ENTWICKLUNG\OPENGL_APPS\DEFERREDRENDERER\OBJ\DEBUG\GLDEFERREDRENDERER.OBJ
C:\Users\paino_000\Dropbox\Entwicklung\OpenGL_Apps\DeferredRenderer\obj\Debug\link.command.1.tlog
C:\Users\paino_000\Dropbox\Entwicklung\OpenGL_Apps\DeferredRenderer\obj\Debug\link.read.1.tlog
C:\Users\paino_000\Dropbox\Entwicklung\OpenGL_Apps\DeferredRenderer\obj\Debug\link.write.1.tlog
C:\USERS\PAINO_000\DROPBOX\ENTWICKLUNG\OPENGL_APPS\DEFERREDRENDERER\OBJ\DEBUG\MAIN.OBJ
C:\USERS\PAINO_000\DROPBOX\ENTWICKLUNG\OPENGL_APPS\DEFERREDRENDERER\OBJ\DEBUG\MAT_COLORED.OBJ
C:\USERS\PAINO_000\DROPBOX\ENTWICKLUNG\OPENGL_APPS\DEFERREDRENDERER\OBJ\DEBUG\MAT_FSQUAD_BLOOM.OBJ
C:\USERS\PAINO_000\DROPBOX\ENTWICKLUNG\OPENGL_APPS\DEFERREDRENDERER\OBJ\DEBUG\MAT_FSQUAD_BRIGHTPASS.OBJ
C:\USERS\PAINO_000\DROPBOX\ENTWICKLUNG\OPENGL_APPS\DEFERREDRENDERER\OBJ\DEBUG\MAT_FSQUAD_DIRLIGHTING.OBJ
C:\USERS\PAINO_000\DROPBOX\ENTWICKLUNG\OPENGL_APPS\DEFERREDRENDERER\OBJ\DEBUG\MAT_FSQUAD_FINALCOMPOSITE.OBJ
C:\USERS\PAINO_000\DROPBOX\ENTWICKLUNG\OPENGL_APPS\DEFERREDRENDERER\OBJ\DEBUG\MAT_FSQUAD_FXAA.OBJ
C:\USERS\PAINO_000\DROPBOX\ENTWICKLUNG\OPENGL_APPS\DEFERREDRENDERER\OBJ\DEBUG\MAT_FSQUAD_GAUSSIANBLUR.OBJ
C:\USERS\PAINO_000\DROPBOX\ENTWICKLUNG\OPENGL_APPS\DEFERREDRENDERER\OBJ\DEBUG\MAT_FSQUAD_LUMATIMEADAPTION.OBJ
C:\USERS\PAINO_000\DROPBOX\ENTWICKLUNG\OPENGL_APPS\DEFERREDRENDERER\OBJ\DEBUG\MAT_FSQUAD_POINTLIGHTING.OBJ
C:\USERS\PAINO_000\DROPBOX\ENTWICKLUNG\OPENGL_APPS\DEFERREDRENDERER\OBJ\DEBUG\MAT_FSQUAD_TEXTURED.OBJ
C:\USERS\PAINO_000\DROPBOX\ENTWICKLUNG\OPENGL_APPS\DEFERREDRENDERER\OBJ\DEBUG\MAT_FSQUAD_TONEMAPPING.OBJ
C:\USERS\PAINO_000\DROPBOX\ENTWICKLUNG\OPENGL_APPS\DEFERREDRENDERER\OBJ\DEBUG\MAT_POINTLIGHT_ILLUMINATION.OBJ
C:\USERS\PAINO_000\DROPBOX\ENTWICKLUNG\OPENGL_APPS\DEFERREDRENDERER\OBJ\DEBUG\MAT_TEST.OBJ
C:\USERS\PAINO_000\DROPBOX\ENTWICKLUNG\OPENGL_APPS\DEFERREDRENDERER\OBJ\DEBUG\MAT_TEXTURED.OBJ
C:\USERS\PAINO_000\DROPBOX\ENTWICKLUNG\OPENGL_APPS\DEFERREDRENDERER\OBJ\DEBUG\MAT_TEXTUREDNORMAL.OBJ
C:\USERS\PAINO_000\DROPBOX\ENTWICKLUNG\OPENGL_APPS\DEFERREDRENDERER\OBJ\DEBUG\MAT_TEXTUREDNORMALSPECULAR.OBJ
C:\USERS\PAINO_000\DROPBOX\ENTWICKLUNG\OPENGL_APPS\DEFERREDRENDERER\OBJ\DEBUG\NODEREGISTRY.OBJ
C:\USERS\PAINO_000\DROPBOX\ENTWICKLUNG\OPENGL_APPS\DEFERREDRENDERER\OBJ\DEBUG\OBJECTREGISTRY.OBJ
C:\USERS\PAINO_000\DROPBOX\ENTWICKLUNG\OPENGL_APPS\DEFERREDRENDERER\OBJ\DEBUG\PASS_GAUSSIANBLUR.OBJ
C:\USERS\PAINO_000\DROPBOX\ENTWICKLUNG\OPENGL_APPS\DEFERREDRENDERER\OBJ\DEBUG\SCENEMANAGER.OBJ
C:\USERS\PAINO_000\DROPBOX\ENTWICKLUNG\OPENGL_APPS\DEFERREDRENDERER\OBJ\DEBUG\SCENENODE.OBJ
C:\USERS\PAINO_000\DROPBOX\ENTWICKLUNG\OPENGL_APPS\DEFERREDRENDERER\OBJ\DEBUG\TRANSFORMSQT.OBJ
C:\Users\paino_000\Dropbox\Entwicklung\OpenGL_Apps\DeferredRenderer\obj\Debug\vc100.idb
C:\USERS\PAINO_000\DROPBOX\ENTWICKLUNG\OPENGL_APPS\DEFERREDRENDERER\OBJ\DEBUG\VC100.PDB
