Build started 9/14/2012 11:14:19 PM.
     1>Project "C:\Users\paino_000\Dropbox\Entwicklung\OpenGL_Apps\DeferredRenderer\DeferredRenderer.vcxproj" on node 2 (build target(s)).
     1>InitializeBuildStatus:
         Touching "C:\Users\paino_000\Dropbox\Entwicklung\OpenGL_Apps\DeferredRenderer\\obj\Debug\DeferredRenderer.unsuccessfulbuild".
       ClCompile:
         C:\Program Files (x86)\Microsoft Visual Studio 10.0\VC\bin\CL.exe /c /IC:\Users\paino_000\Documents\Entwicklung\Libraries\glew\include /I"C:\Users\paino_000\Documents\Entwicklung\Libraries\freeglut-2.8.0\include\GL" /I"C:\Users\paino_000\Documents\Entwicklung\Libraries\glm-0.9.3.4\\" /IC:\Users\paino_000\Dropbox\Entwicklung\OpenGL_Apps\\libGL\src\ /IC:\Users\paino_000\Documents\Entwicklung\Libraries\assimp\include\ /ZI /nologo /W3 /WX- /Od /Oy- /D _MBCS /Gm /EHsc /RTC1 /MDd /GS /fp:precise /Zc:wchar_t /Zc:forScope /Fo"C:\Users\paino_000\Dropbox\Entwicklung\OpenGL_Apps\DeferredRenderer\\obj\Debug\\" /Fd"C:\Users\paino_000\Dropbox\Entwicklung\OpenGL_Apps\DeferredRenderer\\obj\Debug\vc100.pdb" /Gd /TP /analyze- /errorReport:prompt src\Engine.cpp src\Geometry\FullscreenQuad.cpp src\Math\TransformSQT.cpp src\Rendering\GLDeferredRenderer.cpp src\Rendering\Materials\MAT_Colored.cpp src\Rendering\Materials\MAT_FSquad_Bloom.cpp src\Rendering\Materials\MAT_FSquad_BrightPass.cpp src\main.cpp
         main.cpp
     1>c:\users\paino_000\documents\entwicklung\libraries\glm-0.9.3.4\glm\gtx\string_cast.inl(30): warning C4996: 'vsprintf': This function or variable may be unsafe. Consider using vsprintf_s instead. To disable deprecation, use _CRT_SECURE_NO_WARNINGS. See online help for details.
                 c:\program files (x86)\microsoft visual studio 10.0\vc\include\stdio.h(371) : see declaration of 'vsprintf'
         MAT_FSquad_BrightPass.cpp
     1>c:\users\paino_000\documents\entwicklung\libraries\glm-0.9.3.4\glm\gtx\string_cast.inl(30): warning C4996: 'vsprintf': This function or variable may be unsafe. Consider using vsprintf_s instead. To disable deprecation, use _CRT_SECURE_NO_WARNINGS. See online help for details.
                 c:\program files (x86)\microsoft visual studio 10.0\vc\include\stdio.h(371) : see declaration of 'vsprintf'
         MAT_FSquad_Bloom.cpp
     1>c:\users\paino_000\documents\entwicklung\libraries\glm-0.9.3.4\glm\gtx\string_cast.inl(30): warning C4996: 'vsprintf': This function or variable may be unsafe. Consider using vsprintf_s instead. To disable deprecation, use _CRT_SECURE_NO_WARNINGS. See online help for details.
                 c:\program files (x86)\microsoft visual studio 10.0\vc\include\stdio.h(371) : see declaration of 'vsprintf'
         MAT_Colored.cpp
     1>c:\users\paino_000\documents\entwicklung\libraries\glm-0.9.3.4\glm\gtx\string_cast.inl(30): warning C4996: 'vsprintf': This function or variable may be unsafe. Consider using vsprintf_s instead. To disable deprecation, use _CRT_SECURE_NO_WARNINGS. See online help for details.
                 c:\program files (x86)\microsoft visual studio 10.0\vc\include\stdio.h(371) : see declaration of 'vsprintf'
         GLDeferredRenderer.cpp
     1>c:\users\paino_000\documents\entwicklung\libraries\glm-0.9.3.4\glm\gtx\string_cast.inl(30): warning C4996: 'vsprintf': This function or variable may be unsafe. Consider using vsprintf_s instead. To disable deprecation, use _CRT_SECURE_NO_WARNINGS. See online help for details.
                 c:\program files (x86)\microsoft visual studio 10.0\vc\include\stdio.h(371) : see declaration of 'vsprintf'
     1>c:\users\paino_000\dropbox\entwicklung\opengl_apps\deferredrenderer\src\rendering\gldeferredrenderer.cpp(794): warning C4244: 'initializing' : conversion from 'float' to 'uint', possible loss of data
     1>c:\users\paino_000\dropbox\entwicklung\opengl_apps\libgl\src\includes.h(44): warning C4101: 'b' : unreferenced local variable
                 c:\users\paino_000\dropbox\entwicklung\opengl_apps\deferredrenderer\src\rendering\gldeferredrenderer.cpp(607) : see reference to function template instantiation 'void staticAssert_impl<true>(void)' being compiled
         TransformSQT.cpp
     1>c:\users\paino_000\documents\entwicklung\libraries\glm-0.9.3.4\glm\gtx\string_cast.inl(30): warning C4996: 'vsprintf': This function or variable may be unsafe. Consider using vsprintf_s instead. To disable deprecation, use _CRT_SECURE_NO_WARNINGS. See online help for details.
                 c:\program files (x86)\microsoft visual studio 10.0\vc\include\stdio.h(371) : see declaration of 'vsprintf'
         FullscreenQuad.cpp
     1>c:\users\paino_000\documents\entwicklung\libraries\glm-0.9.3.4\glm\gtx\string_cast.inl(30): warning C4996: 'vsprintf': This function or variable may be unsafe. Consider using vsprintf_s instead. To disable deprecation, use _CRT_SECURE_NO_WARNINGS. See online help for details.
                 c:\program files (x86)\microsoft visual studio 10.0\vc\include\stdio.h(371) : see declaration of 'vsprintf'
         Engine.cpp
     1>c:\users\paino_000\documents\entwicklung\libraries\glm-0.9.3.4\glm\gtx\string_cast.inl(30): warning C4996: 'vsprintf': This function or variable may be unsafe. Consider using vsprintf_s instead. To disable deprecation, use _CRT_SECURE_NO_WARNINGS. See online help for details.
                 c:\program files (x86)\microsoft visual studio 10.0\vc\include\stdio.h(371) : see declaration of 'vsprintf'
     1>c:\users\paino_000\dropbox\entwicklung\opengl_apps\deferredrenderer\src\engine.cpp(138): warning C4244: '=' : conversion from 'uint' to 'float', possible loss of data
         Generating Code...
       Link:
         C:\Program Files (x86)\Microsoft Visual Studio 10.0\VC\bin\link.exe /ERRORREPORT:PROMPT /OUT:"C:\Users\paino_000\Dropbox\Entwicklung\OpenGL_Apps\\bin\Debug\DeferredRenderer.exe" /NOLOGO /LIBPATH:C:\Users\paino_000\Documents\Entwicklung\Libraries\glew\lib /LIBPATH:"C:\Users\paino_000\Documents\Entwicklung\Libraries\freeglut-2.8.0\lib\x86\Debug\\" /LIBPATH:C:\Users\paino_000\Dropbox\Entwicklung\OpenGL_Apps\DeferredRenderer\\obj\Debug\\ /LIBPATH:C:\Users\paino_000\Documents\Entwicklung\Libraries\assimp\lib\Debug\ libGL.lib glew32.lib freeglut.lib assimp.lib kernel32.lib user32.lib gdi32.lib winspool.lib comdlg32.lib advapi32.lib shell32.lib ole32.lib oleaut32.lib uuid.lib odbc32.lib odbccp32.lib /MANIFEST /ManifestFile:"C:\Users\paino_000\Dropbox\Entwicklung\OpenGL_Apps\DeferredRenderer\\obj\Debug\DeferredRenderer.exe.intermediate.manifest" /MANIFESTUAC:"level='asInvoker' uiAccess='false'" /DEBUG /PDB:"C:\Users\paino_000\Dropbox\Entwicklung\OpenGL_Apps\bin\Debug\DeferredRenderer.pdb" /TLBID:1 /DYNAMICBASE /NXCOMPAT /IMPLIB:"C:\Users\paino_000\Dropbox\Entwicklung\OpenGL_Apps\\bin\Debug\DeferredRenderer.lib" /MACHINE:X86 C:\Users\paino_000\Dropbox\Entwicklung\OpenGL_Apps\DeferredRenderer\\obj\Debug\Engine.obj
         C:\Users\paino_000\Dropbox\Entwicklung\OpenGL_Apps\DeferredRenderer\\obj\Debug\FullscreenQuad.obj
         C:\Users\paino_000\Dropbox\Entwicklung\OpenGL_Apps\DeferredRenderer\\obj\Debug\main.obj
         C:\Users\paino_000\Dropbox\Entwicklung\OpenGL_Apps\DeferredRenderer\\obj\Debug\TransformSQT.obj
         C:\Users\paino_000\Dropbox\Entwicklung\OpenGL_Apps\DeferredRenderer\\obj\Debug\GLDeferredRenderer.obj
         C:\Users\paino_000\Dropbox\Entwicklung\OpenGL_Apps\DeferredRenderer\\obj\Debug\MAT_Colored.obj
         C:\Users\paino_000\Dropbox\Entwicklung\OpenGL_Apps\DeferredRenderer\\obj\Debug\MAT_FSquad_Bloom.obj
         C:\Users\paino_000\Dropbox\Entwicklung\OpenGL_Apps\DeferredRenderer\\obj\Debug\MAT_FSquad_BrightPass.obj
         C:\Users\paino_000\Dropbox\Entwicklung\OpenGL_Apps\DeferredRenderer\\obj\Debug\MAT_FSquad_DirLighting.obj
         C:\Users\paino_000\Dropbox\Entwicklung\OpenGL_Apps\DeferredRenderer\\obj\Debug\MAT_FSquad_FinalComposite.obj
         C:\Users\paino_000\Dropbox\Entwicklung\OpenGL_Apps\DeferredRenderer\\obj\Debug\MAT_FSquad_FXAA.obj
         C:\Users\paino_000\Dropbox\Entwicklung\OpenGL_Apps\DeferredRenderer\\obj\Debug\MAT_FSquad_GaussianBlur.obj
         C:\Users\paino_000\Dropbox\Entwicklung\OpenGL_Apps\DeferredRenderer\\obj\Debug\MAT_FSquad_LumaTimeAdaption.obj
         C:\Users\paino_000\Dropbox\Entwicklung\OpenGL_Apps\DeferredRenderer\\obj\Debug\MAT_FSquad_PointLighting.obj
         C:\Users\paino_000\Dropbox\Entwicklung\OpenGL_Apps\DeferredRenderer\\obj\Debug\MAT_FSquad_Textured.obj
         C:\Users\paino_000\Dropbox\Entwicklung\OpenGL_Apps\DeferredRenderer\\obj\Debug\MAT_FSquad_ToneMapping.obj
         C:\Users\paino_000\Dropbox\Entwicklung\OpenGL_Apps\DeferredRenderer\\obj\Debug\MAT_Pointlight_Illumination.obj
         C:\Users\paino_000\Dropbox\Entwicklung\OpenGL_Apps\DeferredRenderer\\obj\Debug\MAT_Test.obj
         C:\Users\paino_000\Dropbox\Entwicklung\OpenGL_Apps\DeferredRenderer\\obj\Debug\MAT_Textured.obj
         C:\Users\paino_000\Dropbox\Entwicklung\OpenGL_Apps\DeferredRenderer\\obj\Debug\MAT_TexturedNormal.obj
         C:\Users\paino_000\Dropbox\Entwicklung\OpenGL_Apps\DeferredRenderer\\obj\Debug\MAT_TexturedNormalSpecular.obj
         C:\Users\paino_000\Dropbox\Entwicklung\OpenGL_Apps\DeferredRenderer\\obj\Debug\Pass_GaussianBlur.obj
         C:\Users\paino_000\Dropbox\Entwicklung\OpenGL_Apps\DeferredRenderer\\obj\Debug\BaseRenderableObject.obj
         C:\Users\paino_000\Dropbox\Entwicklung\OpenGL_Apps\DeferredRenderer\\obj\Debug\Entity.obj
         C:\Users\paino_000\Dropbox\Entwicklung\OpenGL_Apps\DeferredRenderer\\obj\Debug\NodeRegistry.obj
         C:\Users\paino_000\Dropbox\Entwicklung\OpenGL_Apps\DeferredRenderer\\obj\Debug\ObjectRegistry.obj
         C:\Users\paino_000\Dropbox\Entwicklung\OpenGL_Apps\DeferredRenderer\\obj\Debug\SceneManager.obj
         C:\Users\paino_000\Dropbox\Entwicklung\OpenGL_Apps\DeferredRenderer\\obj\Debug\SceneNode.obj
     1>Engine.obj : error LNK2001: unresolved external symbol "public: static class std::basic_string<char,struct std::char_traits<char>,class std::allocator<char> > PathService::m_szRelativeResourcePath" (?m_szRelativeResourcePath@PathService@@2V?$basic_string@DU?$char_traits@D@std@@V?$allocator@D@2@@std@@A)
     1>FullscreenQuad.obj : error LNK2019: unresolved external symbol "public: void __thiscall VertexDeclaration::AddVertexElement(class VertexElement const &)" (?AddVertexElement@VertexDeclaration@@QAEXABVVertexElement@@@Z) referenced in function "private: void __thiscall FullscreenQuad::init(void)" (?init@FullscreenQuad@@AAEXXZ)
     1>SceneManager.obj : error LNK2019: unresolved external symbol "public: class SceneNode * __thiscall ModelLoader::LoadAsset(class std::basic_string<char,struct std::char_traits<char>,class std::allocator<char> > const &,class SceneManager *)" (?LoadAsset@ModelLoader@@QAEPAVSceneNode@@ABV?$basic_string@DU?$char_traits@D@std@@V?$allocator@D@2@@std@@PAVSceneManager@@@Z) referenced in function "public: class SceneNode * __thiscall SceneManager::LoadAssetIntoScene(class std::basic_string<char,struct std::char_traits<char>,class std::allocator<char> > const &)" (?LoadAssetIntoScene@SceneManager@@QAEPAVSceneNode@@ABV?$basic_string@DU?$char_traits@D@std@@V?$allocator@D@2@@std@@@Z)
     1>C:\Users\paino_000\Dropbox\Entwicklung\OpenGL_Apps\\bin\Debug\DeferredRenderer.exe : fatal error LNK1120: 3 unresolved externals
     1>Done Building Project "C:\Users\paino_000\Dropbox\Entwicklung\OpenGL_Apps\DeferredRenderer\DeferredRenderer.vcxproj" (build target(s)) -- FAILED.

Build FAILED.

Time Elapsed 00:00:13.56
