F:\ENTWICKLUNG\FANCY\_BUILD_TEMP\X64\DEBUG\FANCY_DEFERRED.PCH
F:\ENTWICKLUNG\FANCY\_BUILD_TEMP\X64\DEBUG\VC110.PDB
F:\ENTWICKLUNG\FANCY\_BUILD_TEMP\X64\DEBUG\STDAFX.OBJ
F:\ENTWICKLUNG\FANCY\_BUILD_TEMP\X64\DEBUG\BASERENDERABLEOBJECT.OBJ
F:\ENTWICKLUNG\FANCY\_BUILD_TEMP\X64\DEBUG\ENTITY.OBJ
F:\ENTWICKLUNG\FANCY\_BUILD_TEMP\X64\DEBUG\NODEREGISTRY.OBJ
F:\ENTWICKLUNG\FANCY\_BUILD_TEMP\X64\DEBUG\OBJECTREGISTRY.OBJ
F:\ENTWICKLUNG\FANCY\_BUILD_TEMP\X64\DEBUG\SCENEMANAGER.OBJ
F:\ENTWICKLUNG\FANCY\_BUILD_TEMP\X64\DEBUG\SCENENODE.OBJ
F:\ENTWICKLUNG\FANCY\_BUILD_TEMP\X64\DEBUG\TRANSFORMSQT.OBJ
F:\ENTWICKLUNG\FANCY\_BUILD_TEMP\X64\DEBUG\MAT_COLORED.OBJ
F:\ENTWICKLUNG\FANCY\_BUILD_TEMP\X64\DEBUG\MAT_FSQUAD_FXAA.OBJ
F:\ENTWICKLUNG\FANCY\_BUILD_TEMP\X64\DEBUG\MAT_FSQUAD_FINALCOMPOSITE.OBJ
F:\ENTWICKLUNG\FANCY\_BUILD_TEMP\X64\DEBUG\MAT_FSQUAD_GAUSSIANBLUR.OBJ
F:\ENTWICKLUNG\FANCY\_BUILD_TEMP\X64\DEBUG\MAT_FSQUAD_LUMATIMEADAPTION.OBJ
F:\ENTWICKLUNG\FANCY\_BUILD_TEMP\X64\DEBUG\MAT_FSQUAD_POINTLIGHTING.OBJ
F:\ENTWICKLUNG\FANCY\_BUILD_TEMP\X64\DEBUG\MAT_FSQUAD_TEXTURED.OBJ
F:\ENTWICKLUNG\FANCY\_BUILD_TEMP\X64\DEBUG\MAT_FSQUAD_TONEMAPPING.OBJ
F:\ENTWICKLUNG\FANCY\_BUILD_TEMP\X64\DEBUG\MAT_POINTLIGHT_ILLUMINATION.OBJ
F:\ENTWICKLUNG\FANCY\_BUILD_TEMP\X64\DEBUG\MAT_TEST.OBJ
F:\ENTWICKLUNG\FANCY\_BUILD_TEMP\X64\DEBUG\MAT_TEXTURED.OBJ
F:\ENTWICKLUNG\FANCY\_BUILD_TEMP\X64\DEBUG\MAT_TEXTUREDNORMAL.OBJ
F:\ENTWICKLUNG\FANCY\_BUILD_TEMP\X64\DEBUG\MAT_TEXTUREDNORMALSPECULAR.OBJ
F:\ENTWICKLUNG\FANCY\_BUILD_TEMP\X64\DEBUG\PASS_GAUSSIANBLUR.OBJ
F:\ENTWICKLUNG\FANCY\_BUILD_TEMP\X64\DEBUG\SCENELOADER.OBJ
F:\ENTWICKLUNG\FANCY\_BUILD_TEMP\X64\DEBUG\ENGINE.OBJ
F:\ENTWICKLUNG\FANCY\_BUILD_TEMP\X64\DEBUG\FULLSCREENQUAD.OBJ
F:\ENTWICKLUNG\FANCY\_BUILD_TEMP\X64\DEBUG\MAT_FSQUAD_BLOOM.OBJ
F:\ENTWICKLUNG\FANCY\_BUILD_TEMP\X64\DEBUG\MAT_FSQUAD_BRIGHTPASS.OBJ
F:\ENTWICKLUNG\FANCY\_BUILD_TEMP\X64\DEBUG\MAT_FSQUAD_DIRLIGHTING.OBJ
F:\ENTWICKLUNG\FANCY\_BUILD_TEMP\X64\DEBUG\GLDEFERREDRENDERER.OBJ
F:\ENTWICKLUNG\FANCY\BIN\X64\DEBUG\FANCY_DEFERRED.LIB
F:\Entwicklung\FANCY\_build_temp\x64\Debug\fancy_deferred.vcxprojResolveAssemblyReference.cache
F:\Entwicklung\FANCY\_build_temp\x64\Debug\BaseRenderableObject.obj
F:\Entwicklung\FANCY\_build_temp\x64\Debug\Engine.obj
F:\Entwicklung\FANCY\_build_temp\x64\Debug\Entity.obj
F:\Entwicklung\FANCY\_build_temp\x64\Debug\FullscreenQuad.obj
F:\Entwicklung\FANCY\_build_temp\x64\Debug\GLDeferredRenderer.obj
F:\Entwicklung\FANCY\_build_temp\x64\Debug\MAT_Colored.obj
F:\Entwicklung\FANCY\_build_temp\x64\Debug\MAT_FSquad_Bloom.obj
F:\Entwicklung\FANCY\_build_temp\x64\Debug\MAT_FSquad_BrightPass.obj
F:\Entwicklung\FANCY\_build_temp\x64\Debug\MAT_FSquad_DirLighting.obj
F:\Entwicklung\FANCY\_build_temp\x64\Debug\MAT_FSquad_FinalComposite.obj
F:\Entwicklung\FANCY\_build_temp\x64\Debug\MAT_FSquad_FXAA.obj
F:\Entwicklung\FANCY\_build_temp\x64\Debug\MAT_FSquad_GaussianBlur.obj
F:\Entwicklung\FANCY\_build_temp\x64\Debug\MAT_FSquad_LumaTimeAdaption.obj
F:\Entwicklung\FANCY\_build_temp\x64\Debug\MAT_FSquad_PointLighting.obj
F:\Entwicklung\FANCY\_build_temp\x64\Debug\MAT_FSquad_Textured.obj
F:\Entwicklung\FANCY\_build_temp\x64\Debug\MAT_FSquad_ToneMapping.obj
F:\Entwicklung\FANCY\_build_temp\x64\Debug\MAT_Pointlight_Illumination.obj
F:\Entwicklung\FANCY\_build_temp\x64\Debug\MAT_Test.obj
F:\Entwicklung\FANCY\_build_temp\x64\Debug\MAT_Textured.obj
F:\Entwicklung\FANCY\_build_temp\x64\Debug\MAT_TexturedNormal.obj
F:\Entwicklung\FANCY\_build_temp\x64\Debug\MAT_TexturedNormalSpecular.obj
F:\Entwicklung\FANCY\_build_temp\x64\Debug\NodeRegistry.obj
F:\Entwicklung\FANCY\_build_temp\x64\Debug\ObjectRegistry.obj
F:\Entwicklung\FANCY\_build_temp\x64\Debug\Pass_GaussianBlur.obj
F:\Entwicklung\FANCY\_build_temp\x64\Debug\SceneLoader.obj
F:\Entwicklung\FANCY\_build_temp\x64\Debug\SceneManager.obj
F:\Entwicklung\FANCY\_build_temp\x64\Debug\SceneNode.obj
F:\Entwicklung\FANCY\_build_temp\x64\Debug\StdAfx.obj
F:\Entwicklung\FANCY\_build_temp\x64\Debug\TransformSQT.obj
F:\Entwicklung\FANCY\_build_temp\x64\Debug\cl.command.1.tlog
F:\Entwicklung\FANCY\_build_temp\x64\Debug\CL.read.1.tlog
F:\Entwicklung\FANCY\_build_temp\x64\Debug\CL.write.1.tlog
F:\Entwicklung\FANCY\_build_temp\x64\Debug\Lib-link.read.1.tlog
F:\Entwicklung\FANCY\_build_temp\x64\Debug\Lib-link.write.1.tlog
F:\Entwicklung\FANCY\_build_temp\x64\Debug\lib.command.1.tlog
F:\Entwicklung\FANCY\_build_temp\x64\Debug\fancy_deferred.pch
F:\Entwicklung\FANCY\_build_temp\x64\Debug\vc110.idb
F:\Entwicklung\FANCY\_build_temp\x64\Debug\vc110.pdb
F:\Entwicklung\FANCY\/bin/x64/Debug\fancy_deferred.lib
