Build started 25.05.2014 18:18:35.
     1>Project "F:\Entwicklung\FANCY\SibenikCathedralQt\SibenikCathedralQt.vcxproj" on node 2 (Build target(s)).
     1>C:\Program Files (x86)\MSBuild\Microsoft.Cpp\v4.0\V110\Microsoft.CppBuild.targets(345,5): warning MSB8004: Intermediate Directory does not end with a trailing slash.  This build instance will add the slash as it is required to allow proper evaluation of the Intermediate Directory.
     1>C:\Program Files (x86)\MSBuild\Microsoft.Cpp\v4.0\V110\Microsoft.CppBuild.targets(346,5): warning MSB8004: Output Directory does not end with a trailing slash.  This build instance will add the slash as it is required to allow proper evaluation of the Output Directory.
     1>InitializeBuildStatus:
         Touching "F:\Entwicklung\FANCY\/_build_temp/x64/Debug\SibenikCathedralQt.unsuccessfulbuild".
       CustomBuild:
         All outputs are up-to-date.
       ClCompile:
         All outputs are up-to-date.
         All outputs are up-to-date.
     1>C:\Program Files (x86)\MSBuild\Microsoft.Cpp\v4.0\V110\Microsoft.CppBuild.targets(1137,5): warning MSB8012: TargetPath(F:\Entwicklung\FANCY\/bin/x64/Debug\SibenikCathedralQt) does not match the Linker's OutputFile property value (F:\Entwicklung\FANCY\bin\x64\Debug\SibenikCathedralQt.exe). This may cause your project to build incorrectly. To correct this, please make sure that $(OutDir), $(TargetName) and $(TargetExt) property values match the value specified in %(Link.OutputFile).
       Link:
         C:\Program Files (x86)\Microsoft Visual Studio 11.0\VC\bin\x86_amd64\link.exe /ERRORREPORT:PROMPT /OUT:"F:\Entwicklung\FANCY\/bin/x64/Debug\\SibenikCathedralQt.exe" /NOLOGO /LIBPATH:F:\Entwicklung\FANCY\/lib/x64/Debug/ /LIBPATH:F:\Entwicklung\FANCY\/lib/x64/Debug/ /LIBPATH:F:\Qt\5.2.0\5.2.0\msvc2012_64_opengl/lib /LIBPATH:F:\Entwicklung\FANCY\/dependencies/lib/x64/Debug/ /LIBPATH:F:\Entwicklung\FANCY\/lib/x64/Debug/ /LIBPATH:F:\Entwicklung\FANCY\/lib/x64/Debug/ /LIBPATH:F:\Qt\5.2.0\5.2.0\msvc2012_64_opengl/lib /LIBPATH:F:\Entwicklung\FANCY\/dependencies/lib/x64/Debug/ fancy_deferred.lib fancy_core.lib glew64s.lib Qt5Cored.lib Qt5Guid.lib Qt5OpenGLd.lib Qt5OpenGLExtensionsd.lib Qt5Widgetsd.lib qtmaind.lib kernel32.lib user32.lib gdi32.lib winspool.lib comdlg32.lib advapi32.lib shell32.lib ole32.lib oleaut32.lib uuid.lib odbc32.lib odbccp32.lib /MANIFEST /MANIFESTUAC:"level='asInvoker' uiAccess='false'" /manifest:embed /DEBUG /PDB:"F:\Entwicklung\FANCY\/bin/x64/Debug\SibenikCathedralQt.pdb" /SUBSYSTEM:WINDOWS /TLBID:1 /DYNAMICBASE /NXCOMPAT /IMPLIB:"F:\Entwicklung\FANCY\/bin/x64/Debug\SibenikCathedralQt.lib" /MACHINE:X64 F:\Entwicklung\FANCY\/_build_temp/x64/Debug\DeferredRendererQApp.obj
         F:\Entwicklung\FANCY\/_build_temp/x64/Debug\deferredrendererqt.obj
         F:\Entwicklung\FANCY\/_build_temp/x64/Debug\engineqglwidget.obj
         F:\Entwicklung\FANCY\/_build_temp/x64/Debug\moc_DeferredRendererQApp.obj
         F:\Entwicklung\FANCY\/_build_temp/x64/Debug\moc_deferredrendererqt.obj
         F:\Entwicklung\FANCY\/_build_temp/x64/Debug\moc_engineqglwidget.obj
         F:\Entwicklung\FANCY\/_build_temp/x64/Debug\qrc_deferredrendererqt.obj
         F:\Entwicklung\FANCY\/_build_temp/x64/Debug\main.obj
         F:\Entwicklung\FANCY\/_build_temp/x64/Debug\StdAfx.obj
         F:\Entwicklung\FANCY\lib\x64\Debug\fancy_core.lib
         F:\Entwicklung\FANCY\lib\x64\Debug\fancy_deferred.lib
     1>LINK : warning LNK4098: defaultlib 'LIBCMT' conflicts with use of other libs; use /NODEFAULTLIB:library
     1>engineqglwidget.obj : error LNK2019: unresolved external symbol __imp_glLoadIdentity referenced in function "protected: virtual void __cdecl EngineQGLwidget::initializeGL(void)" (?initializeGL@EngineQGLwidget@@MEAAXXZ)
     1>fancy_core.lib(StatsManager.obj) : error LNK2001: unresolved external symbol __imp_glLoadIdentity
     1>engineqglwidget.obj : error LNK2019: unresolved external symbol __imp_glMatrixMode referenced in function "protected: virtual void __cdecl EngineQGLwidget::initializeGL(void)" (?initializeGL@EngineQGLwidget@@MEAAXXZ)
     1>fancy_core.lib(StatsManager.obj) : error LNK2001: unresolved external symbol __imp_glMatrixMode
     1>fancy_deferred.lib(MAT_FSquad_Bloom.obj) : error LNK2011: precompiled object not linked in; image may not run
     1>fancy_deferred.lib(Engine.obj) : error LNK2019: unresolved external symbol __imp_glClearColor referenced in function "public: void __cdecl Engine::Init(unsigned int,unsigned int,struct glm::detail::tvec4<float,0> const &,struct glm::detail::tvec4<float,0> const &,float)" (?Init@Engine@@QEAAXIIAEBU?$tvec4@M$0A@@detail@glm@@0M@Z)
     1>fancy_deferred.lib(GLDeferredRenderer.obj) : error LNK2001: unresolved external symbol __imp_glClearColor
     1>fancy_deferred.lib(Engine.obj) : error LNK2019: unresolved external symbol __imp_glClearDepth referenced in function "public: void __cdecl Engine::Init(unsigned int,unsigned int,struct glm::detail::tvec4<float,0> const &,struct glm::detail::tvec4<float,0> const &,float)" (?Init@Engine@@QEAAXIIAEBU?$tvec4@M$0A@@detail@glm@@0M@Z)
     1>fancy_deferred.lib(SceneLoader.obj) : error LNK2019: unresolved external symbol "public: struct aiScene const * __cdecl Assimp::Importer::ReadFile(char const *,unsigned int)" (?ReadFile@Importer@Assimp@@QEAAPEBUaiScene@@PEBDI@Z) referenced in function "public: struct aiScene const * __cdecl Assimp::Importer::ReadFile(class std::basic_string<char,struct std::char_traits<char>,class std::allocator<char> > const &,unsigned int)" (?ReadFile@Importer@Assimp@@QEAAPEBUaiScene@@AEBV?$basic_string@DU?$char_traits@D@std@@V?$allocator@D@2@@std@@I@Z)
     1>fancy_core.lib(ModelLoader.obj) : error LNK2001: unresolved external symbol "public: struct aiScene const * __cdecl Assimp::Importer::ReadFile(char const *,unsigned int)" (?ReadFile@Importer@Assimp@@QEAAPEBUaiScene@@PEBDI@Z)
     1>fancy_deferred.lib(SceneLoader.obj) : error LNK2019: unresolved external symbol "public: void __cdecl Assimp::Importer::FreeScene(void)" (?FreeScene@Importer@Assimp@@QEAAXXZ) referenced in function "public: class SceneNode * __cdecl SceneLoader::LoadAsset(class std::basic_string<char,struct std::char_traits<char>,class std::allocator<char> > const &,class SceneManager *)" (?LoadAsset@SceneLoader@@QEAAPEAVSceneNode@@AEBV?$basic_string@DU?$char_traits@D@std@@V?$allocator@D@2@@std@@PEAVSceneManager@@@Z)
     1>fancy_deferred.lib(SceneLoader.obj) : error LNK2019: unresolved external symbol "public: char const * __cdecl Assimp::Importer::GetErrorString(void)const " (?GetErrorString@Importer@Assimp@@QEBAPEBDXZ) referenced in function "public: class SceneNode * __cdecl SceneLoader::LoadAsset(class std::basic_string<char,struct std::char_traits<char>,class std::allocator<char> > const &,class SceneManager *)" (?LoadAsset@SceneLoader@@QEAAPEAVSceneNode@@AEBV?$basic_string@DU?$char_traits@D@std@@V?$allocator@D@2@@std@@PEAVSceneManager@@@Z)
     1>fancy_deferred.lib(SceneLoader.obj) : error LNK2019: unresolved external symbol aiGetMaterialFloatArray referenced in function aiGetMaterialFloat
     1>fancy_deferred.lib(SceneLoader.obj) : error LNK2019: unresolved external symbol aiGetMaterialColor referenced in function "public: enum aiReturn __cdecl aiMaterial::Get<struct aiColor3D>(char const *,unsigned int,unsigned int,struct aiColor3D &)const " (??$Get@UaiColor3D@@@aiMaterial@@QEBA?AW4aiReturn@@PEBDIIAEAUaiColor3D@@@Z)
     1>fancy_deferred.lib(SceneLoader.obj) : error LNK2019: unresolved external symbol aiGetMaterialString referenced in function "public: enum aiReturn __cdecl aiMaterial::Get<struct aiString>(char const *,unsigned int,unsigned int,struct aiString &)const " (??$Get@UaiString@@@aiMaterial@@QEBA?AW4aiReturn@@PEBDIIAEAUaiString@@@Z)
     1>fancy_deferred.lib(SceneLoader.obj) : error LNK2019: unresolved external symbol aiGetMaterialTextureCount referenced in function "public: unsigned int __cdecl aiMaterial::GetTextureCount(enum aiTextureType)const " (?GetTextureCount@aiMaterial@@QEBAIW4aiTextureType@@@Z)
     1>fancy_deferred.lib(SceneLoader.obj) : error LNK2019: unresolved external symbol aiGetMaterialTexture referenced in function "public: enum aiReturn __cdecl aiMaterial::GetTexture(enum aiTextureType,unsigned int,struct aiString *,enum aiTextureMapping *,unsigned int *,float *,enum aiTextureOp *,enum aiTextureMapMode *)const " (?GetTexture@aiMaterial@@QEBA?AW4aiReturn@@W4aiTextureType@@IPEAUaiString@@PEAW4aiTextureMapping@@PEAIPEAMPEAW4aiTextureOp@@PEAW4aiTextureMapMode@@@Z)
     1>fancy_core.lib(Shader.obj) : error LNK2001: unresolved external symbol __imp_glBindTexture
     1>fancy_core.lib(TextureLoader.obj) : error LNK2001: unresolved external symbol __imp_glBindTexture
     1>fancy_deferred.lib(GLDeferredRenderer.obj) : error LNK2019: unresolved external symbol __imp_glBindTexture referenced in function "public: void __cdecl GLDeferredRenderer::RenderScene(class SceneManager *)" (?RenderScene@GLDeferredRenderer@@QEAAXPEAVSceneManager@@@Z)
     1>fancy_deferred.lib(Pass_GaussianBlur.obj) : error LNK2001: unresolved external symbol __imp_glBindTexture
     1>fancy_core.lib(PointLight.obj) : error LNK2001: unresolved external symbol __imp_glBindTexture
     1>fancy_core.lib(GLRenderer.obj) : error LNK2001: unresolved external symbol __imp_glBindTexture
     1>fancy_deferred.lib(GLDeferredRenderer.obj) : error LNK2019: unresolved external symbol __imp_glClear referenced in function "public: void __cdecl GLDeferredRenderer::RenderScene(class SceneManager *)" (?RenderScene@GLDeferredRenderer@@QEAAXPEAVSceneManager@@@Z)
     1>fancy_core.lib(StatsManager.obj) : error LNK2001: unresolved external symbol __imp_glClear
     1>fancy_deferred.lib(GLDeferredRenderer.obj) : error LNK2019: unresolved external symbol __imp_glDeleteTextures referenced in function "private: void __cdecl GLDeferredRenderer::deleteResoultionDependentResources(void)" (?deleteResoultionDependentResources@GLDeferredRenderer@@AEAAXXZ)
     1>fancy_deferred.lib(Pass_GaussianBlur.obj) : error LNK2001: unresolved external symbol __imp_glDeleteTextures
     1>fancy_core.lib(PointLight.obj) : error LNK2001: unresolved external symbol __imp_glDeleteTextures
     1>fancy_core.lib(GLResourceManager.obj) : error LNK2001: unresolved external symbol __imp_glDeleteTextures
     1>fancy_deferred.lib(GLDeferredRenderer.obj) : error LNK2019: unresolved external symbol __imp_glGenTextures referenced in function "private: void __cdecl GLDeferredRenderer::updateTextures(void)" (?updateTextures@GLDeferredRenderer@@AEAAXXZ)
     1>fancy_deferred.lib(Pass_GaussianBlur.obj) : error LNK2001: unresolved external symbol __imp_glGenTextures
     1>fancy_core.lib(PointLight.obj) : error LNK2001: unresolved external symbol __imp_glGenTextures
     1>fancy_core.lib(TextureLoader.obj) : error LNK2001: unresolved external symbol __imp_glGenTextures
     1>fancy_deferred.lib(GLDeferredRenderer.obj) : error LNK2019: unresolved external symbol __imp_glTexImage2D referenced in function "private: void __cdecl GLDeferredRenderer::updateTextures(void)" (?updateTextures@GLDeferredRenderer@@AEAAXXZ)
     1>fancy_deferred.lib(Pass_GaussianBlur.obj) : error LNK2001: unresolved external symbol __imp_glTexImage2D
     1>fancy_core.lib(PointLight.obj) : error LNK2001: unresolved external symbol __imp_glTexImage2D
     1>fancy_core.lib(TextureLoader.obj) : error LNK2001: unresolved external symbol __imp_glTexImage2D
     1>fancy_deferred.lib(GLDeferredRenderer.obj) : error LNK2019: unresolved external symbol __imp_glTexParameteri referenced in function "private: void __cdecl GLDeferredRenderer::updateTextures(void)" (?updateTextures@GLDeferredRenderer@@AEAAXXZ)
     1>fancy_deferred.lib(Pass_GaussianBlur.obj) : error LNK2001: unresolved external symbol __imp_glTexParameteri
     1>fancy_core.lib(PointLight.obj) : error LNK2001: unresolved external symbol __imp_glTexParameteri
     1>fancy_core.lib(TextureLoader.obj) : error LNK2001: unresolved external symbol __imp_glTexParameteri
     1>fancy_deferred.lib(Pass_GaussianBlur.obj) : error LNK2019: unresolved external symbol __imp_glTexImage1D referenced in function "private: void __cdecl Pass_GaussianBlur::createGaussAndOffsetTex(void)" (?createGaussAndOffsetTex@Pass_GaussianBlur@@AEAAXXZ)
     1>fancy_core.lib(TextureLoader.obj) : error LNK2001: unresolved external symbol __imp_glTexImage1D
     1>fancy_core.lib(StatsManager.obj) : error LNK2019: unresolved external symbol __imp_glColor4f referenced in function "public: void __cdecl StatsManager::RenderGuiLinesGLUT(void)" (?RenderGuiLinesGLUT@StatsManager@@QEAAXXZ)
     1>fancy_core.lib(StatsManager.obj) : error LNK2019: unresolved external symbol __imp_glRasterPos2i referenced in function "public: void __cdecl StatsManager::RenderGuiLinesGLUT(void)" (?RenderGuiLinesGLUT@StatsManager@@QEAAXXZ)
     1>fancy_core.lib(StatsManager.obj) : error LNK2019: unresolved external symbol gluOrtho2D referenced in function "public: void __cdecl StatsManager::RenderGuiLinesGLUT(void)" (?RenderGuiLinesGLUT@StatsManager@@QEAAXXZ)
     1>fancy_core.lib(PointLight.obj) : error LNK2019: unresolved external symbol __imp_glEnable referenced in function "protected: virtual void __cdecl PointLight::initShadowmap(void)" (?initShadowmap@PointLight@@MEAAXXZ)
     1>fancy_core.lib(GLRenderer.obj) : error LNK2001: unresolved external symbol __imp_glEnable
     1>fancy_core.lib(GLRenderer.obj) : error LNK2019: unresolved external symbol __imp_glBlendFunc referenced in function "public: void __cdecl GLRenderer::setBlendFunc(unsigned int,unsigned int)" (?setBlendFunc@GLRenderer@@QEAAXII@Z)
     1>fancy_core.lib(GLRenderer.obj) : error LNK2019: unresolved external symbol __imp_glColorMask referenced in function "public: void __cdecl GLRenderer::setColorMask(bool,bool,bool,bool)" (?setColorMask@GLRenderer@@QEAAX_N000@Z)
     1>fancy_core.lib(GLRenderer.obj) : error LNK2019: unresolved external symbol __imp_glCullFace referenced in function "public: void __cdecl GLRenderer::setCullFace(unsigned int)" (?setCullFace@GLRenderer@@QEAAXI@Z)
     1>fancy_core.lib(GLRenderer.obj) : error LNK2019: unresolved external symbol __imp_glDepthFunc referenced in function "public: void __cdecl GLRenderer::setDepthFunc(unsigned int)" (?setDepthFunc@GLRenderer@@QEAAXI@Z)
     1>fancy_core.lib(GLRenderer.obj) : error LNK2019: unresolved external symbol __imp_glDepthMask referenced in function "public: void __cdecl GLRenderer::setDepthMask(bool)" (?setDepthMask@GLRenderer@@QEAAX_N@Z)
     1>fancy_core.lib(GLRenderer.obj) : error LNK2019: unresolved external symbol __imp_glDisable referenced in function "public: void __cdecl GLRenderer::setDepthTest(bool)" (?setDepthTest@GLRenderer@@QEAAX_N@Z)
     1>fancy_core.lib(GLRenderer.obj) : error LNK2019: unresolved external symbol __imp_glDrawArrays referenced in function "public: void __cdecl GLRenderer::RenderMesh(class Mesh *,struct glm::detail::tmat4x4<float,0> const &,class Camera const *,class Material *,class Shader *,class Light const *)" (?RenderMesh@GLRenderer@@QEAAXPEAVMesh@@AEBU?$tmat4x4@M$0A@@detail@glm@@PEBVCamera@@PEAVMaterial@@PEAVShader@@PEBVLight@@@Z)
     1>fancy_core.lib(GLRenderer.obj) : error LNK2019: unresolved external symbol __imp_glDrawElements referenced in function "public: void __cdecl GLRenderer::RenderMesh(class Mesh *,struct glm::detail::tmat4x4<float,0> const &,class Camera const *,class Material *,class Shader *,class Light const *)" (?RenderMesh@GLRenderer@@QEAAXPEAVMesh@@AEBU?$tmat4x4@M$0A@@detail@glm@@PEBVCamera@@PEAVMaterial@@PEAVShader@@PEBVLight@@@Z)
     1>fancy_core.lib(GLRenderer.obj) : error LNK2019: unresolved external symbol __imp_glStencilFunc referenced in function "public: void __cdecl GLRenderer::setStencilFunc(unsigned int,int,unsigned int)" (?setStencilFunc@GLRenderer@@QEAAXIHI@Z)
     1>fancy_core.lib(GLRenderer.obj) : error LNK2019: unresolved external symbol __imp_glStencilOp referenced in function "public: void __cdecl GLRenderer::setStencilOp(unsigned int,unsigned int,unsigned int)" (?setStencilOp@GLRenderer@@QEAAXIII@Z)
     1>fancy_core.lib(GLRenderer.obj) : error LNK2019: unresolved external symbol __imp_glViewport referenced in function "public: void __cdecl GLRenderer::setViewport(int,int,int,int)" (?setViewport@GLRenderer@@QEAAXHHHH@Z)
     1>fancy_core.lib(ModelLoader.obj) : error LNK2019: unresolved external symbol "public: static void __cdecl Assimp::Intern::AllocateFromAssimpHeap::operator delete(void *)" (??3AllocateFromAssimpHeap@Intern@Assimp@@SAXPEAX@Z) referenced in function "public: virtual void * __cdecl Assimp::LogStream::`scalar deleting destructor'(unsigned int)" (??_GLogStream@Assimp@@UEAAPEAXI@Z)
     1>fancy_core.lib(ModelLoader.obj) : error LNK2019: unresolved external symbol "public: __cdecl Assimp::Importer::Importer(void)" (??0Importer@Assimp@@QEAA@XZ) referenced in function "private: __cdecl ModelLoader::ModelLoader(void)" (??0ModelLoader@@AEAA@XZ)
     1>fancy_core.lib(ModelLoader.obj) : error LNK2019: unresolved external symbol "public: __cdecl Assimp::Importer::~Importer(void)" (??1Importer@Assimp@@QEAA@XZ) referenced in function "public: __cdecl ModelLoader::~ModelLoader(void)" (??1ModelLoader@@QEAA@XZ)
     1>fancy_core.lib(ModelLoader.obj) : error LNK2019: unresolved external symbol "public: static class Assimp::Logger * __cdecl Assimp::DefaultLogger::get(void)" (?get@DefaultLogger@Assimp@@SAPEAVLogger@2@XZ) referenced in function "private: __cdecl ModelLoader::ModelLoader(void)" (??0ModelLoader@@AEAA@XZ)
     1>fancy_core.lib(TextureLoader.obj) : error LNK2019: unresolved external symbol __imp_glTexParameterf referenced in function "public: unsigned int __cdecl TextureLoader::LoadTexture1D(class std::basic_string<char,struct std::char_traits<char>,class std::allocator<char> > const &,bool *,struct STextureInfo *)" (?LoadTexture1D@TextureLoader@@QEAAIAEBV?$basic_string@DU?$char_traits@D@std@@V?$allocator@D@2@@std@@PEA_NPEAUSTextureInfo@@@Z)
     1>glew64s.lib(glew.obj) : error LNK2019: unresolved external symbol __imp_wglGetProcAddress referenced in function _glewInit_GL_VERSION_1_2
     1>glew64s.lib(glew.obj) : error LNK2019: unresolved external symbol __imp_glGetString referenced in function glewGetExtension
     1>glew64s.lib(glew.obj) : error LNK2019: unresolved external symbol __imp_wglGetCurrentDC referenced in function wglewGetExtension
     1>F:\Entwicklung\FANCY\/bin/x64/Debug\\SibenikCathedralQt.exe : fatal error LNK1120: 43 unresolved externals
     1>Done Building Project "F:\Entwicklung\FANCY\SibenikCathedralQt\SibenikCathedralQt.vcxproj" (Build target(s)) -- FAILED.

Build FAILED.

Time Elapsed 00:00:00.53
